2024-12-12 21:17:45,628:tensorflow_utils:concat[1, 384, 384, 6]
2024-12-12 21:17:45,635:tensorflow_utils:generator_dwi/gen1_e0_conv2d/BiasAdd[1, 192, 192, 64]
2024-12-12 21:17:45,689:tensorflow_utils:generator_dwi/gen1_e1_conv2d/BiasAdd[1, 96, 96, 128]
2024-12-12 21:17:45,777:tensorflow_utils:generator_dwi/gen1_e2_conv2d/BiasAdd[1, 48, 48, 256]
2024-12-12 21:17:45,865:tensorflow_utils:generator_dwi/gen1_e3_conv2d/BiasAdd[1, 24, 24, 512]
2024-12-12 21:17:45,996:tensorflow_utils:generator_dwi/gen1_e4_conv2d/BiasAdd[1, 12, 12, 512]
2024-12-12 21:17:46,084:tensorflow_utils:generator_dwi/gen1_e5_conv2d/BiasAdd[1, 6, 6, 512]
2024-12-12 21:17:46,171:tensorflow_utils:generator_dwi/gen1_e6_conv2d/BiasAdd[1, 3, 3, 512]
2024-12-12 21:17:46,258:tensorflow_utils:generator_dwi/gen1_d1_deconv2d/BiasAdd[1, 6, 6, 512]
2024-12-12 21:17:46,264:tensorflow_utils:generator_dwi/gen1_d1_split[1, 6, 6, 512]
2024-12-12 21:17:46,358:tensorflow_utils:generator_dwi/gen1_d2_deconv2d/BiasAdd[1, 12, 12, 512]
2024-12-12 21:17:46,360:tensorflow_utils:generator_dwi/gen1_d2_split[1, 12, 12, 512]
2024-12-12 21:17:46,454:tensorflow_utils:generator_dwi/gen1_d3_conv2d_11/BiasAdd[1, 384, 384, 3]
2024-12-12 21:17:46,462:tensorflow_utils:generator_dwi/gen1_d3_deconv2d/BiasAdd[1, 24, 24, 512]
2024-12-12 21:17:46,463:tensorflow_utils:generator_dwi/gen1_d3_split_1[1, 24, 24, 512]
2024-12-12 21:17:46,464:tensorflow_utils:generator_dwi/d3_split_2[1, 24, 24, 512]
2024-12-12 21:17:46,550:tensorflow_utils:generator_dwi/gen1_d4_deconv2d/BiasAdd[1, 48, 48, 256]
2024-12-12 21:17:46,551:tensorflow_utils:generator_dwi/gen1_d4_split[1, 48, 48, 256]
2024-12-12 21:17:46,642:tensorflow_utils:generator_dwi/gen1_d4_conv2d_11/BiasAdd[1, 384, 384, 3]
2024-12-12 21:17:46,650:tensorflow_utils:generator_dwi/gen1_d5_deconv2d/BiasAdd[1, 96, 96, 128]
2024-12-12 21:17:46,651:tensorflow_utils:generator_dwi/gen1_d5_split[1, 96, 96, 128]
2024-12-12 21:17:46,741:tensorflow_utils:generator_dwi/gen1_d6_deconv2d/BiasAdd[1, 192, 192, 64]
2024-12-12 21:17:46,785:tensorflow_utils:generator_dwi/gen1_d7_deconv2d/BiasAdd[1, 384, 384, 3]
2024-12-12 21:17:46,786:tensorflow_utils:data/shuffle_batch[1, 384, 384, 3]
2024-12-12 21:17:46,793:tensorflow_utils:generator_first/gen1_e0_conv2d/BiasAdd[1, 192, 192, 64]
2024-12-12 21:17:46,893:tensorflow_utils:generator_first/gen1_e1_conv2d/BiasAdd[1, 96, 96, 128]
2024-12-12 21:17:46,980:tensorflow_utils:generator_first/gen1_e2_conv2d/BiasAdd[1, 48, 48, 256]
2024-12-12 21:17:47,067:tensorflow_utils:generator_first/gen1_e3_conv2d/BiasAdd[1, 24, 24, 512]
2024-12-12 21:17:47,156:tensorflow_utils:generator_first/gen1_e4_conv2d/BiasAdd[1, 12, 12, 512]
2024-12-12 21:17:47,241:tensorflow_utils:generator_first/gen1_e5_conv2d/BiasAdd[1, 6, 6, 512]
2024-12-12 21:17:47,329:tensorflow_utils:generator_first/gen1_e6_conv2d/BiasAdd[1, 3, 3, 512]
2024-12-12 21:17:47,417:tensorflow_utils:generator_first/gen1_d1_deconv2d/BiasAdd[1, 6, 6, 512]
2024-12-12 21:17:47,419:tensorflow_utils:generator_first/gen1_d1_split[1, 6, 6, 512]
2024-12-12 21:17:47,511:tensorflow_utils:generator_first/gen1_d2_deconv2d/BiasAdd[1, 12, 12, 512]
2024-12-12 21:17:47,512:tensorflow_utils:generator_first/gen1_d2_split[1, 12, 12, 512]
2024-12-12 21:17:47,606:tensorflow_utils:generator_first/gen1_d3_conv2d_11/BiasAdd[1, 384, 384, 3]
2024-12-12 21:17:47,613:tensorflow_utils:generator_first/gen1_d3_deconv2d/BiasAdd[1, 24, 24, 512]
2024-12-12 21:17:47,615:tensorflow_utils:generator_first/gen1_d3_split_1[1, 24, 24, 512]
2024-12-12 21:17:47,616:tensorflow_utils:generator_first/d3_split_2[1, 24, 24, 512]
2024-12-12 21:17:47,704:tensorflow_utils:generator_first/gen1_d4_deconv2d/BiasAdd[1, 48, 48, 256]
2024-12-12 21:17:47,705:tensorflow_utils:generator_first/gen1_d4_split[1, 48, 48, 256]
2024-12-12 21:17:47,794:tensorflow_utils:generator_first/gen1_d4_conv2d_11/BiasAdd[1, 384, 384, 3]
2024-12-12 21:17:47,802:tensorflow_utils:generator_first/gen1_d5_deconv2d/BiasAdd[1, 96, 96, 128]
2024-12-12 21:17:47,803:tensorflow_utils:generator_first/gen1_d5_split[1, 96, 96, 128]
2024-12-12 21:17:47,949:tensorflow_utils:generator_first/gen1_d6_deconv2d/BiasAdd[1, 192, 192, 64]
2024-12-12 21:17:47,993:tensorflow_utils:generator_first/gen1_d7_deconv2d/BiasAdd[1, 384, 384, 3]
2024-12-12 21:17:48,011:tensorflow_utils:gen_merge/gen1_d8_conv/BiasAdd[1, 384, 384, 3]
2024-12-12 21:17:53,477:tensorflow_utils:concat_1[None, 384, 384, 6]
2024-12-12 21:17:53,479:tensorflow_utils:generator_dwi_1/gen1_e0_conv2d/BiasAdd[None, 192, 192, 64]
2024-12-12 21:17:53,532:tensorflow_utils:generator_dwi_1/gen1_e1_conv2d/BiasAdd[None, 96, 96, 128]
2024-12-12 21:17:53,605:tensorflow_utils:generator_dwi_1/gen1_e2_conv2d/BiasAdd[None, 48, 48, 256]
2024-12-12 21:17:53,680:tensorflow_utils:generator_dwi_1/gen1_e3_conv2d/BiasAdd[None, 24, 24, 512]
2024-12-12 21:17:53,754:tensorflow_utils:generator_dwi_1/gen1_e4_conv2d/BiasAdd[None, 12, 12, 512]
2024-12-12 21:17:53,828:tensorflow_utils:generator_dwi_1/gen1_e5_conv2d/BiasAdd[None, 6, 6, 512]
2024-12-12 21:17:53,902:tensorflow_utils:generator_dwi_1/gen1_e6_conv2d/BiasAdd[None, 3, 3, 512]
2024-12-12 21:17:53,975:tensorflow_utils:generator_dwi_1/gen1_d1_deconv2d/BiasAdd[None, 6, 6, 512]
2024-12-12 21:17:53,976:tensorflow_utils:generator_dwi_1/gen1_d1_split[None, 6, 6, 512]
2024-12-12 21:17:54,057:tensorflow_utils:generator_dwi_1/gen1_d2_deconv2d/BiasAdd[None, 12, 12, 512]
2024-12-12 21:17:54,059:tensorflow_utils:generator_dwi_1/gen1_d2_split[None, 12, 12, 512]
2024-12-12 21:17:54,144:tensorflow_utils:generator_dwi_1/gen1_d3_conv2d_11/BiasAdd[None, 384, 384, 3]
2024-12-12 21:17:54,147:tensorflow_utils:generator_dwi_1/gen1_d3_deconv2d/BiasAdd[None, 24, 24, 512]
2024-12-12 21:17:54,148:tensorflow_utils:generator_dwi_1/gen1_d3_split_1[None, 24, 24, 512]
2024-12-12 21:17:54,149:tensorflow_utils:generator_dwi_1/d3_split_2[None, 24, 24, 512]
2024-12-12 21:17:54,224:tensorflow_utils:generator_dwi_1/gen1_d4_deconv2d/BiasAdd[None, 48, 48, 256]
2024-12-12 21:17:54,226:tensorflow_utils:generator_dwi_1/gen1_d4_split[None, 48, 48, 256]
2024-12-12 21:17:54,300:tensorflow_utils:generator_dwi_1/gen1_d4_conv2d_11/BiasAdd[None, 384, 384, 3]
2024-12-12 21:17:54,303:tensorflow_utils:generator_dwi_1/gen1_d5_deconv2d/BiasAdd[None, 96, 96, 128]
2024-12-12 21:17:54,304:tensorflow_utils:generator_dwi_1/gen1_d5_split[None, 96, 96, 128]
2024-12-12 21:17:54,379:tensorflow_utils:generator_dwi_1/gen1_d6_deconv2d/BiasAdd[None, 192, 192, 64]
2024-12-12 21:17:54,403:tensorflow_utils:generator_dwi_1/gen1_d7_deconv2d/BiasAdd[None, 384, 384, 3]
2024-12-12 21:17:54,404:tensorflow_utils:x1_test_tfph[None, 384, 384, 3]
2024-12-12 21:17:54,405:tensorflow_utils:generator_first_1/gen1_e0_conv2d/BiasAdd[None, 192, 192, 64]
2024-12-12 21:17:54,458:tensorflow_utils:generator_first_1/gen1_e1_conv2d/BiasAdd[None, 96, 96, 128]
2024-12-12 21:17:54,533:tensorflow_utils:generator_first_1/gen1_e2_conv2d/BiasAdd[None, 48, 48, 256]
2024-12-12 21:17:54,608:tensorflow_utils:generator_first_1/gen1_e3_conv2d/BiasAdd[None, 24, 24, 512]
2024-12-12 21:17:54,684:tensorflow_utils:generator_first_1/gen1_e4_conv2d/BiasAdd[None, 12, 12, 512]
2024-12-12 21:17:54,758:tensorflow_utils:generator_first_1/gen1_e5_conv2d/BiasAdd[None, 6, 6, 512]
2024-12-12 21:17:54,834:tensorflow_utils:generator_first_1/gen1_e6_conv2d/BiasAdd[None, 3, 3, 512]
2024-12-12 21:17:54,909:tensorflow_utils:generator_first_1/gen1_d1_deconv2d/BiasAdd[None, 6, 6, 512]
2024-12-12 21:17:54,910:tensorflow_utils:generator_first_1/gen1_d1_split[None, 6, 6, 512]
2024-12-12 21:17:54,991:tensorflow_utils:generator_first_1/gen1_d2_deconv2d/BiasAdd[None, 12, 12, 512]
2024-12-12 21:17:54,993:tensorflow_utils:generator_first_1/gen1_d2_split[None, 12, 12, 512]
2024-12-12 21:17:55,074:tensorflow_utils:generator_first_1/gen1_d3_conv2d_11/BiasAdd[None, 384, 384, 3]
2024-12-12 21:17:55,077:tensorflow_utils:generator_first_1/gen1_d3_deconv2d/BiasAdd[None, 24, 24, 512]
2024-12-12 21:17:55,078:tensorflow_utils:generator_first_1/gen1_d3_split_1[None, 24, 24, 512]
2024-12-12 21:17:55,079:tensorflow_utils:generator_first_1/d3_split_2[None, 24, 24, 512]
2024-12-12 21:17:55,156:tensorflow_utils:generator_first_1/gen1_d4_deconv2d/BiasAdd[None, 48, 48, 256]
2024-12-12 21:17:55,157:tensorflow_utils:generator_first_1/gen1_d4_split[None, 48, 48, 256]
2024-12-12 21:17:55,233:tensorflow_utils:generator_first_1/gen1_d4_conv2d_11/BiasAdd[None, 384, 384, 3]
2024-12-12 21:17:55,236:tensorflow_utils:generator_first_1/gen1_d5_deconv2d/BiasAdd[None, 96, 96, 128]
2024-12-12 21:17:55,237:tensorflow_utils:generator_first_1/gen1_d5_split[None, 96, 96, 128]
2024-12-12 21:17:55,314:tensorflow_utils:generator_first_1/gen1_d6_deconv2d/BiasAdd[None, 192, 192, 64]
2024-12-12 21:17:55,339:tensorflow_utils:generator_first_1/gen1_d7_deconv2d/BiasAdd[None, 384, 384, 3]
2024-12-12 21:17:55,351:tensorflow_utils:gen_merge_1/gen1_d8_conv/BiasAdd[1, 384, 384, 3]
2024-12-12 21:17:55,353:tensorflow_utils:concat_2[None, 384, 384, 6]
2024-12-12 21:17:55,354:tensorflow_utils:generator_dwi_2/gen1_e0_conv2d/BiasAdd[None, 192, 192, 64]
2024-12-12 21:17:55,408:tensorflow_utils:generator_dwi_2/gen1_e1_conv2d/BiasAdd[None, 96, 96, 128]
2024-12-12 21:17:55,487:tensorflow_utils:generator_dwi_2/gen1_e2_conv2d/BiasAdd[None, 48, 48, 256]
2024-12-12 21:17:55,562:tensorflow_utils:generator_dwi_2/gen1_e3_conv2d/BiasAdd[None, 24, 24, 512]
2024-12-12 21:17:55,635:tensorflow_utils:generator_dwi_2/gen1_e4_conv2d/BiasAdd[None, 12, 12, 512]
2024-12-12 21:17:55,709:tensorflow_utils:generator_dwi_2/gen1_e5_conv2d/BiasAdd[None, 6, 6, 512]
2024-12-12 21:17:55,891:tensorflow_utils:generator_dwi_2/gen1_e6_conv2d/BiasAdd[None, 3, 3, 512]
2024-12-12 21:17:55,970:tensorflow_utils:generator_dwi_2/gen1_d1_deconv2d/BiasAdd[None, 6, 6, 512]
2024-12-12 21:17:55,972:tensorflow_utils:generator_dwi_2/gen1_d1_split[None, 6, 6, 512]
2024-12-12 21:17:56,050:tensorflow_utils:generator_dwi_2/gen1_d2_deconv2d/BiasAdd[None, 12, 12, 512]
2024-12-12 21:17:56,052:tensorflow_utils:generator_dwi_2/gen1_d2_split[None, 12, 12, 512]
2024-12-12 21:17:56,141:tensorflow_utils:generator_dwi_2/gen1_d3_conv2d_11/BiasAdd[None, 384, 384, 3]
2024-12-12 21:17:56,144:tensorflow_utils:generator_dwi_2/gen1_d3_deconv2d/BiasAdd[None, 24, 24, 512]
2024-12-12 21:17:56,145:tensorflow_utils:generator_dwi_2/gen1_d3_split_1[None, 24, 24, 512]
2024-12-12 21:17:56,146:tensorflow_utils:generator_dwi_2/d3_split_2[None, 24, 24, 512]
2024-12-12 21:17:56,227:tensorflow_utils:generator_dwi_2/gen1_d4_deconv2d/BiasAdd[None, 48, 48, 256]
2024-12-12 21:17:56,228:tensorflow_utils:generator_dwi_2/gen1_d4_split[None, 48, 48, 256]
2024-12-12 21:17:56,310:tensorflow_utils:generator_dwi_2/gen1_d4_conv2d_11/BiasAdd[None, 384, 384, 3]
2024-12-12 21:17:56,313:tensorflow_utils:generator_dwi_2/gen1_d5_deconv2d/BiasAdd[None, 96, 96, 128]
2024-12-12 21:17:56,314:tensorflow_utils:generator_dwi_2/gen1_d5_split[None, 96, 96, 128]
2024-12-12 21:17:56,401:tensorflow_utils:generator_dwi_2/gen1_d6_deconv2d/BiasAdd[None, 192, 192, 64]
2024-12-12 21:17:56,426:tensorflow_utils:generator_dwi_2/gen1_d7_deconv2d/BiasAdd[None, 384, 384, 3]
2024-12-12 21:17:56,428:tensorflow_utils:x1_test_tfph[None, 384, 384, 3]
2024-12-12 21:17:56,429:tensorflow_utils:generator_first_2/gen1_e0_conv2d/BiasAdd[None, 192, 192, 64]
2024-12-12 21:17:56,483:tensorflow_utils:generator_first_2/gen1_e1_conv2d/BiasAdd[None, 96, 96, 128]
2024-12-12 21:17:56,560:tensorflow_utils:generator_first_2/gen1_e2_conv2d/BiasAdd[None, 48, 48, 256]
2024-12-12 21:17:56,633:tensorflow_utils:generator_first_2/gen1_e3_conv2d/BiasAdd[None, 24, 24, 512]
2024-12-12 21:17:56,707:tensorflow_utils:generator_first_2/gen1_e4_conv2d/BiasAdd[None, 12, 12, 512]
2024-12-12 21:17:56,781:tensorflow_utils:generator_first_2/gen1_e5_conv2d/BiasAdd[None, 6, 6, 512]
2024-12-12 21:17:56,856:tensorflow_utils:generator_first_2/gen1_e6_conv2d/BiasAdd[None, 3, 3, 512]
2024-12-12 21:17:56,932:tensorflow_utils:generator_first_2/gen1_d1_deconv2d/BiasAdd[None, 6, 6, 512]
2024-12-12 21:17:56,933:tensorflow_utils:generator_first_2/gen1_d1_split[None, 6, 6, 512]
2024-12-12 21:17:57,014:tensorflow_utils:generator_first_2/gen1_d2_deconv2d/BiasAdd[None, 12, 12, 512]
2024-12-12 21:17:57,015:tensorflow_utils:generator_first_2/gen1_d2_split[None, 12, 12, 512]
2024-12-12 21:17:57,095:tensorflow_utils:generator_first_2/gen1_d3_conv2d_11/BiasAdd[None, 384, 384, 3]
2024-12-12 21:17:57,098:tensorflow_utils:generator_first_2/gen1_d3_deconv2d/BiasAdd[None, 24, 24, 512]
2024-12-12 21:17:57,099:tensorflow_utils:generator_first_2/gen1_d3_split_1[None, 24, 24, 512]
2024-12-12 21:17:57,100:tensorflow_utils:generator_first_2/d3_split_2[None, 24, 24, 512]
2024-12-12 21:17:57,179:tensorflow_utils:generator_first_2/gen1_d4_deconv2d/BiasAdd[None, 48, 48, 256]
2024-12-12 21:17:57,181:tensorflow_utils:generator_first_2/gen1_d4_split[None, 48, 48, 256]
2024-12-12 21:17:57,256:tensorflow_utils:generator_first_2/gen1_d4_conv2d_11/BiasAdd[None, 384, 384, 3]
2024-12-12 21:17:57,258:tensorflow_utils:generator_first_2/gen1_d5_deconv2d/BiasAdd[None, 96, 96, 128]
2024-12-12 21:17:57,259:tensorflow_utils:generator_first_2/gen1_d5_split[None, 96, 96, 128]
2024-12-12 21:17:57,333:tensorflow_utils:generator_first_2/gen1_d6_deconv2d/BiasAdd[None, 192, 192, 64]
2024-12-12 21:17:57,357:tensorflow_utils:generator_first_2/gen1_d7_deconv2d/BiasAdd[None, 384, 384, 3]
2024-12-12 21:17:57,369:tensorflow_utils:gen_merge_2/gen1_d8_conv/BiasAdd[1, 384, 384, 3]
2024-12-12 21:17:57,371:tensorflow_utils:concat_3[None, 384, 384, 6]
2024-12-12 21:17:57,372:tensorflow_utils:generator_dwi_3/gen1_e0_conv2d/BiasAdd[None, 192, 192, 64]
2024-12-12 21:17:57,427:tensorflow_utils:generator_dwi_3/gen1_e1_conv2d/BiasAdd[None, 96, 96, 128]
2024-12-12 21:17:57,503:tensorflow_utils:generator_dwi_3/gen1_e2_conv2d/BiasAdd[None, 48, 48, 256]
2024-12-12 21:17:57,578:tensorflow_utils:generator_dwi_3/gen1_e3_conv2d/BiasAdd[None, 24, 24, 512]
2024-12-12 21:17:57,652:tensorflow_utils:generator_dwi_3/gen1_e4_conv2d/BiasAdd[None, 12, 12, 512]
2024-12-12 21:17:57,725:tensorflow_utils:generator_dwi_3/gen1_e5_conv2d/BiasAdd[None, 6, 6, 512]
2024-12-12 21:17:57,798:tensorflow_utils:generator_dwi_3/gen1_e6_conv2d/BiasAdd[None, 3, 3, 512]
2024-12-12 21:17:57,873:tensorflow_utils:generator_dwi_3/gen1_d1_deconv2d/BiasAdd[None, 6, 6, 512]
2024-12-12 21:17:57,874:tensorflow_utils:generator_dwi_3/gen1_d1_split[None, 6, 6, 512]
2024-12-12 21:17:57,954:tensorflow_utils:generator_dwi_3/gen1_d2_deconv2d/BiasAdd[None, 12, 12, 512]
2024-12-12 21:17:57,956:tensorflow_utils:generator_dwi_3/gen1_d2_split[None, 12, 12, 512]
2024-12-12 21:17:58,035:tensorflow_utils:generator_dwi_3/gen1_d3_conv2d_11/BiasAdd[None, 384, 384, 3]
2024-12-12 21:17:58,037:tensorflow_utils:generator_dwi_3/gen1_d3_deconv2d/BiasAdd[None, 24, 24, 512]
2024-12-12 21:17:58,039:tensorflow_utils:generator_dwi_3/gen1_d3_split_1[None, 24, 24, 512]
2024-12-12 21:17:58,040:tensorflow_utils:generator_dwi_3/d3_split_2[None, 24, 24, 512]
2024-12-12 21:17:58,114:tensorflow_utils:generator_dwi_3/gen1_d4_deconv2d/BiasAdd[None, 48, 48, 256]
2024-12-12 21:17:58,116:tensorflow_utils:generator_dwi_3/gen1_d4_split[None, 48, 48, 256]
2024-12-12 21:17:58,193:tensorflow_utils:generator_dwi_3/gen1_d4_conv2d_11/BiasAdd[None, 384, 384, 3]
2024-12-12 21:17:58,195:tensorflow_utils:generator_dwi_3/gen1_d5_deconv2d/BiasAdd[None, 96, 96, 128]
2024-12-12 21:17:58,196:tensorflow_utils:generator_dwi_3/gen1_d5_split[None, 96, 96, 128]
2024-12-12 21:17:58,274:tensorflow_utils:generator_dwi_3/gen1_d6_deconv2d/BiasAdd[None, 192, 192, 64]
2024-12-12 21:17:58,298:tensorflow_utils:generator_dwi_3/gen1_d7_deconv2d/BiasAdd[None, 384, 384, 3]
2024-12-12 21:17:58,300:tensorflow_utils:x1_test_tfph[None, 384, 384, 3]
2024-12-12 21:17:58,301:tensorflow_utils:generator_first_3/gen1_e0_conv2d/BiasAdd[None, 192, 192, 64]
2024-12-12 21:17:58,354:tensorflow_utils:generator_first_3/gen1_e1_conv2d/BiasAdd[None, 96, 96, 128]
2024-12-12 21:17:58,430:tensorflow_utils:generator_first_3/gen1_e2_conv2d/BiasAdd[None, 48, 48, 256]
2024-12-12 21:17:58,506:tensorflow_utils:generator_first_3/gen1_e3_conv2d/BiasAdd[None, 24, 24, 512]
2024-12-12 21:17:58,582:tensorflow_utils:generator_first_3/gen1_e4_conv2d/BiasAdd[None, 12, 12, 512]
2024-12-12 21:17:58,657:tensorflow_utils:generator_first_3/gen1_e5_conv2d/BiasAdd[None, 6, 6, 512]
2024-12-12 21:17:58,733:tensorflow_utils:generator_first_3/gen1_e6_conv2d/BiasAdd[None, 3, 3, 512]
2024-12-12 21:17:58,810:tensorflow_utils:generator_first_3/gen1_d1_deconv2d/BiasAdd[None, 6, 6, 512]
2024-12-12 21:17:58,811:tensorflow_utils:generator_first_3/gen1_d1_split[None, 6, 6, 512]
2024-12-12 21:17:58,891:tensorflow_utils:generator_first_3/gen1_d2_deconv2d/BiasAdd[None, 12, 12, 512]
2024-12-12 21:17:58,892:tensorflow_utils:generator_first_3/gen1_d2_split[None, 12, 12, 512]
2024-12-12 21:17:59,099:tensorflow_utils:generator_first_3/gen1_d3_conv2d_11/BiasAdd[None, 384, 384, 3]
2024-12-12 21:17:59,101:tensorflow_utils:generator_first_3/gen1_d3_deconv2d/BiasAdd[None, 24, 24, 512]
2024-12-12 21:17:59,102:tensorflow_utils:generator_first_3/gen1_d3_split_1[None, 24, 24, 512]
2024-12-12 21:17:59,104:tensorflow_utils:generator_first_3/d3_split_2[None, 24, 24, 512]
2024-12-12 21:17:59,181:tensorflow_utils:generator_first_3/gen1_d4_deconv2d/BiasAdd[None, 48, 48, 256]
2024-12-12 21:17:59,182:tensorflow_utils:generator_first_3/gen1_d4_split[None, 48, 48, 256]
2024-12-12 21:17:59,255:tensorflow_utils:generator_first_3/gen1_d4_conv2d_11/BiasAdd[None, 384, 384, 3]
2024-12-12 21:17:59,258:tensorflow_utils:generator_first_3/gen1_d5_deconv2d/BiasAdd[None, 96, 96, 128]
2024-12-12 21:17:59,259:tensorflow_utils:generator_first_3/gen1_d5_split[None, 96, 96, 128]
2024-12-12 21:17:59,334:tensorflow_utils:generator_first_3/gen1_d6_deconv2d/BiasAdd[None, 192, 192, 64]
2024-12-12 21:17:59,358:tensorflow_utils:generator_first_3/gen1_d7_deconv2d/BiasAdd[None, 384, 384, 3]
2024-12-12 21:17:59,370:tensorflow_utils:gen_merge_3/gen1_d8_conv/BiasAdd[1, 384, 384, 3]
2024-12-12 21:17:59,372:tensorflow_utils:concat_4[None, 384, 384, 6]
2024-12-12 21:17:59,373:tensorflow_utils:generator_dwi_4/gen1_e0_conv2d/BiasAdd[None, 192, 192, 64]
2024-12-12 21:17:59,427:tensorflow_utils:generator_dwi_4/gen1_e1_conv2d/BiasAdd[None, 96, 96, 128]
2024-12-12 21:17:59,501:tensorflow_utils:generator_dwi_4/gen1_e2_conv2d/BiasAdd[None, 48, 48, 256]
2024-12-12 21:17:59,574:tensorflow_utils:generator_dwi_4/gen1_e3_conv2d/BiasAdd[None, 24, 24, 512]
2024-12-12 21:17:59,650:tensorflow_utils:generator_dwi_4/gen1_e4_conv2d/BiasAdd[None, 12, 12, 512]
2024-12-12 21:17:59,727:tensorflow_utils:generator_dwi_4/gen1_e5_conv2d/BiasAdd[None, 6, 6, 512]
2024-12-12 21:17:59,801:tensorflow_utils:generator_dwi_4/gen1_e6_conv2d/BiasAdd[None, 3, 3, 512]
2024-12-12 21:17:59,876:tensorflow_utils:generator_dwi_4/gen1_d1_deconv2d/BiasAdd[None, 6, 6, 512]
2024-12-12 21:17:59,877:tensorflow_utils:generator_dwi_4/gen1_d1_split[None, 6, 6, 512]
2024-12-12 21:17:59,957:tensorflow_utils:generator_dwi_4/gen1_d2_deconv2d/BiasAdd[None, 12, 12, 512]
2024-12-12 21:17:59,957:tensorflow_utils:generator_dwi_4/gen1_d2_split[None, 12, 12, 512]
2024-12-12 21:18:00,038:tensorflow_utils:generator_dwi_4/gen1_d3_conv2d_11/BiasAdd[None, 384, 384, 3]
2024-12-12 21:18:00,041:tensorflow_utils:generator_dwi_4/gen1_d3_deconv2d/BiasAdd[None, 24, 24, 512]
2024-12-12 21:18:00,042:tensorflow_utils:generator_dwi_4/gen1_d3_split_1[None, 24, 24, 512]
2024-12-12 21:18:00,043:tensorflow_utils:generator_dwi_4/d3_split_2[None, 24, 24, 512]
2024-12-12 21:18:00,119:tensorflow_utils:generator_dwi_4/gen1_d4_deconv2d/BiasAdd[None, 48, 48, 256]
2024-12-12 21:18:00,121:tensorflow_utils:generator_dwi_4/gen1_d4_split[None, 48, 48, 256]
2024-12-12 21:18:00,203:tensorflow_utils:generator_dwi_4/gen1_d4_conv2d_11/BiasAdd[None, 384, 384, 3]
2024-12-12 21:18:00,206:tensorflow_utils:generator_dwi_4/gen1_d5_deconv2d/BiasAdd[None, 96, 96, 128]
2024-12-12 21:18:00,207:tensorflow_utils:generator_dwi_4/gen1_d5_split[None, 96, 96, 128]
2024-12-12 21:18:00,282:tensorflow_utils:generator_dwi_4/gen1_d6_deconv2d/BiasAdd[None, 192, 192, 64]
2024-12-12 21:18:00,306:tensorflow_utils:generator_dwi_4/gen1_d7_deconv2d/BiasAdd[None, 384, 384, 3]
2024-12-12 21:18:00,308:tensorflow_utils:x1_test_tfph[None, 384, 384, 3]
2024-12-12 21:18:00,309:tensorflow_utils:generator_first_4/gen1_e0_conv2d/BiasAdd[None, 192, 192, 64]
2024-12-12 21:18:00,362:tensorflow_utils:generator_first_4/gen1_e1_conv2d/BiasAdd[None, 96, 96, 128]
2024-12-12 21:18:00,437:tensorflow_utils:generator_first_4/gen1_e2_conv2d/BiasAdd[None, 48, 48, 256]
2024-12-12 21:18:00,513:tensorflow_utils:generator_first_4/gen1_e3_conv2d/BiasAdd[None, 24, 24, 512]
2024-12-12 21:18:00,590:tensorflow_utils:generator_first_4/gen1_e4_conv2d/BiasAdd[None, 12, 12, 512]
2024-12-12 21:18:00,664:tensorflow_utils:generator_first_4/gen1_e5_conv2d/BiasAdd[None, 6, 6, 512]
2024-12-12 21:18:00,739:tensorflow_utils:generator_first_4/gen1_e6_conv2d/BiasAdd[None, 3, 3, 512]
2024-12-12 21:18:00,814:tensorflow_utils:generator_first_4/gen1_d1_deconv2d/BiasAdd[None, 6, 6, 512]
2024-12-12 21:18:00,815:tensorflow_utils:generator_first_4/gen1_d1_split[None, 6, 6, 512]
2024-12-12 21:18:00,894:tensorflow_utils:generator_first_4/gen1_d2_deconv2d/BiasAdd[None, 12, 12, 512]
2024-12-12 21:18:00,895:tensorflow_utils:generator_first_4/gen1_d2_split[None, 12, 12, 512]
2024-12-12 21:18:00,974:tensorflow_utils:generator_first_4/gen1_d3_conv2d_11/BiasAdd[None, 384, 384, 3]
2024-12-12 21:18:00,977:tensorflow_utils:generator_first_4/gen1_d3_deconv2d/BiasAdd[None, 24, 24, 512]
2024-12-12 21:18:00,978:tensorflow_utils:generator_first_4/gen1_d3_split_1[None, 24, 24, 512]
2024-12-12 21:18:00,979:tensorflow_utils:generator_first_4/d3_split_2[None, 24, 24, 512]
2024-12-12 21:18:01,054:tensorflow_utils:generator_first_4/gen1_d4_deconv2d/BiasAdd[None, 48, 48, 256]
2024-12-12 21:18:01,055:tensorflow_utils:generator_first_4/gen1_d4_split[None, 48, 48, 256]
2024-12-12 21:18:01,131:tensorflow_utils:generator_first_4/gen1_d4_conv2d_11/BiasAdd[None, 384, 384, 3]
2024-12-12 21:18:01,134:tensorflow_utils:generator_first_4/gen1_d5_deconv2d/BiasAdd[None, 96, 96, 128]
2024-12-12 21:18:01,135:tensorflow_utils:generator_first_4/gen1_d5_split[None, 96, 96, 128]
2024-12-12 21:18:01,210:tensorflow_utils:generator_first_4/gen1_d6_deconv2d/BiasAdd[None, 192, 192, 64]
2024-12-12 21:18:01,234:tensorflow_utils:generator_first_4/gen1_d7_deconv2d/BiasAdd[None, 384, 384, 3]
2024-12-12 21:18:01,246:tensorflow_utils:gen_merge_4/gen1_d8_conv/BiasAdd[1, 384, 384, 3]
2024-12-12 21:18:01,248:tensorflow_utils:concat_5[None, 384, 384, 6]
2024-12-12 21:18:01,250:tensorflow_utils:generator_dwi_5/gen1_e0_conv2d/BiasAdd[None, 192, 192, 64]
2024-12-12 21:18:01,303:tensorflow_utils:generator_dwi_5/gen1_e1_conv2d/BiasAdd[None, 96, 96, 128]
2024-12-12 21:18:01,376:tensorflow_utils:generator_dwi_5/gen1_e2_conv2d/BiasAdd[None, 48, 48, 256]
2024-12-12 21:18:01,449:tensorflow_utils:generator_dwi_5/gen1_e3_conv2d/BiasAdd[None, 24, 24, 512]
2024-12-12 21:18:01,523:tensorflow_utils:generator_dwi_5/gen1_e4_conv2d/BiasAdd[None, 12, 12, 512]
2024-12-12 21:18:01,598:tensorflow_utils:generator_dwi_5/gen1_e5_conv2d/BiasAdd[None, 6, 6, 512]
2024-12-12 21:18:01,671:tensorflow_utils:generator_dwi_5/gen1_e6_conv2d/BiasAdd[None, 3, 3, 512]
2024-12-12 21:18:01,748:tensorflow_utils:generator_dwi_5/gen1_d1_deconv2d/BiasAdd[None, 6, 6, 512]
2024-12-12 21:18:01,749:tensorflow_utils:generator_dwi_5/gen1_d1_split[None, 6, 6, 512]
2024-12-12 21:18:01,829:tensorflow_utils:generator_dwi_5/gen1_d2_deconv2d/BiasAdd[None, 12, 12, 512]
2024-12-12 21:18:01,830:tensorflow_utils:generator_dwi_5/gen1_d2_split[None, 12, 12, 512]
2024-12-12 21:18:01,909:tensorflow_utils:generator_dwi_5/gen1_d3_conv2d_11/BiasAdd[None, 384, 384, 3]
2024-12-12 21:18:01,911:tensorflow_utils:generator_dwi_5/gen1_d3_deconv2d/BiasAdd[None, 24, 24, 512]
2024-12-12 21:18:01,912:tensorflow_utils:generator_dwi_5/gen1_d3_split_1[None, 24, 24, 512]
2024-12-12 21:18:01,913:tensorflow_utils:generator_dwi_5/d3_split_2[None, 24, 24, 512]
2024-12-12 21:18:01,989:tensorflow_utils:generator_dwi_5/gen1_d4_deconv2d/BiasAdd[None, 48, 48, 256]
2024-12-12 21:18:01,991:tensorflow_utils:generator_dwi_5/gen1_d4_split[None, 48, 48, 256]
2024-12-12 21:18:02,067:tensorflow_utils:generator_dwi_5/gen1_d4_conv2d_11/BiasAdd[None, 384, 384, 3]
2024-12-12 21:18:02,070:tensorflow_utils:generator_dwi_5/gen1_d5_deconv2d/BiasAdd[None, 96, 96, 128]
2024-12-12 21:18:02,071:tensorflow_utils:generator_dwi_5/gen1_d5_split[None, 96, 96, 128]
2024-12-12 21:18:02,148:tensorflow_utils:generator_dwi_5/gen1_d6_deconv2d/BiasAdd[None, 192, 192, 64]
2024-12-12 21:18:02,172:tensorflow_utils:generator_dwi_5/gen1_d7_deconv2d/BiasAdd[None, 384, 384, 3]
2024-12-12 21:18:02,174:tensorflow_utils:x1_test_tfph[None, 384, 384, 3]
2024-12-12 21:18:02,175:tensorflow_utils:generator_first_5/gen1_e0_conv2d/BiasAdd[None, 192, 192, 64]
2024-12-12 21:18:02,231:tensorflow_utils:generator_first_5/gen1_e1_conv2d/BiasAdd[None, 96, 96, 128]
2024-12-12 21:18:02,308:tensorflow_utils:generator_first_5/gen1_e2_conv2d/BiasAdd[None, 48, 48, 256]
2024-12-12 21:18:02,384:tensorflow_utils:generator_first_5/gen1_e3_conv2d/BiasAdd[None, 24, 24, 512]
2024-12-12 21:18:02,460:tensorflow_utils:generator_first_5/gen1_e4_conv2d/BiasAdd[None, 12, 12, 512]
2024-12-12 21:18:02,535:tensorflow_utils:generator_first_5/gen1_e5_conv2d/BiasAdd[None, 6, 6, 512]
2024-12-12 21:18:02,610:tensorflow_utils:generator_first_5/gen1_e6_conv2d/BiasAdd[None, 3, 3, 512]
2024-12-12 21:18:02,686:tensorflow_utils:generator_first_5/gen1_d1_deconv2d/BiasAdd[None, 6, 6, 512]
2024-12-12 21:18:02,688:tensorflow_utils:generator_first_5/gen1_d1_split[None, 6, 6, 512]
2024-12-12 21:18:02,769:tensorflow_utils:generator_first_5/gen1_d2_deconv2d/BiasAdd[None, 12, 12, 512]
2024-12-12 21:18:02,770:tensorflow_utils:generator_first_5/gen1_d2_split[None, 12, 12, 512]
2024-12-12 21:18:03,004:tensorflow_utils:generator_first_5/gen1_d3_conv2d_11/BiasAdd[None, 384, 384, 3]
2024-12-12 21:18:03,006:tensorflow_utils:generator_first_5/gen1_d3_deconv2d/BiasAdd[None, 24, 24, 512]
2024-12-12 21:18:03,007:tensorflow_utils:generator_first_5/gen1_d3_split_1[None, 24, 24, 512]
2024-12-12 21:18:03,008:tensorflow_utils:generator_first_5/d3_split_2[None, 24, 24, 512]
2024-12-12 21:18:03,085:tensorflow_utils:generator_first_5/gen1_d4_deconv2d/BiasAdd[None, 48, 48, 256]
2024-12-12 21:18:03,087:tensorflow_utils:generator_first_5/gen1_d4_split[None, 48, 48, 256]
2024-12-12 21:18:03,163:tensorflow_utils:generator_first_5/gen1_d4_conv2d_11/BiasAdd[None, 384, 384, 3]
2024-12-12 21:18:03,165:tensorflow_utils:generator_first_5/gen1_d5_deconv2d/BiasAdd[None, 96, 96, 128]
2024-12-12 21:18:03,166:tensorflow_utils:generator_first_5/gen1_d5_split[None, 96, 96, 128]
2024-12-12 21:18:03,241:tensorflow_utils:generator_first_5/gen1_d6_deconv2d/BiasAdd[None, 192, 192, 64]
2024-12-12 21:18:03,266:tensorflow_utils:generator_first_5/gen1_d7_deconv2d/BiasAdd[None, 384, 384, 3]
2024-12-12 21:18:03,278:tensorflow_utils:gen_merge_5/gen1_d8_conv/BiasAdd[1, 384, 384, 3]
2024-12-12 21:18:06,361:tensorflow_utils:[ 0] generator_dwi/gen1_e0_conv2d/w:0 (3, 3, 6, 64) = 3456
2024-12-12 21:18:06,362:tensorflow_utils:[ 1] generator_dwi/gen1_e0_conv2d/biases:0 (64,) = 64
2024-12-12 21:18:06,362:tensorflow_utils:[ 2] generator_dwi/gen1_e0_cbam/ch_at/mlp_0/kernel:0 (64, 8) = 512
2024-12-12 21:18:06,362:tensorflow_utils:[ 3] generator_dwi/gen1_e0_cbam/ch_at/mlp_0/bias:0 (8,) = 8
2024-12-12 21:18:06,362:tensorflow_utils:[ 4] generator_dwi/gen1_e0_cbam/ch_at/mlp_1/kernel:0 (8, 64) = 512
2024-12-12 21:18:06,362:tensorflow_utils:[ 5] generator_dwi/gen1_e0_cbam/ch_at/mlp_1/bias:0 (64,) = 64
2024-12-12 21:18:06,362:tensorflow_utils:[ 6] generator_dwi/gen1_e0_cbam/sp_at/conv/kernel:0 (7, 7, 2, 1) = 98
2024-12-12 21:18:06,362:tensorflow_utils:[ 7] generator_dwi/gen1_e1_conv2d/w:0 (3, 3, 64, 128) = 73728
2024-12-12 21:18:06,362:tensorflow_utils:[ 8] generator_dwi/gen1_e1_conv2d/biases:0 (128,) = 128
2024-12-12 21:18:06,362:tensorflow_utils:[ 9] generator_dwi/gen1_e1_batchnorm/beta:0 (128,) = 128
2024-12-12 21:18:06,362:tensorflow_utils:[10] generator_dwi/gen1_e1_batchnorm/gamma:0 (128,) = 128
2024-12-12 21:18:06,363:tensorflow_utils:[11] generator_dwi/gen1_e1_cbam/ch_at/mlp_0/kernel:0 (128, 16) = 2048
2024-12-12 21:18:06,363:tensorflow_utils:[12] generator_dwi/gen1_e1_cbam/ch_at/mlp_0/bias:0 (16,) = 16
2024-12-12 21:18:06,363:tensorflow_utils:[13] generator_dwi/gen1_e1_cbam/ch_at/mlp_1/kernel:0 (16, 128) = 2048
2024-12-12 21:18:06,363:tensorflow_utils:[14] generator_dwi/gen1_e1_cbam/ch_at/mlp_1/bias:0 (128,) = 128
2024-12-12 21:18:06,363:tensorflow_utils:[15] generator_dwi/gen1_e1_cbam/sp_at/conv/kernel:0 (7, 7, 2, 1) = 98
2024-12-12 21:18:06,363:tensorflow_utils:[16] generator_dwi/gen1_e2_conv2d/w:0 (3, 3, 128, 256) = 294912
2024-12-12 21:18:06,363:tensorflow_utils:[17] generator_dwi/gen1_e2_conv2d/biases:0 (256,) = 256
2024-12-12 21:18:06,363:tensorflow_utils:[18] generator_dwi/gen1_e2_batchnorm/beta:0 (256,) = 256
2024-12-12 21:18:06,363:tensorflow_utils:[19] generator_dwi/gen1_e2_batchnorm/gamma:0 (256,) = 256
2024-12-12 21:18:06,364:tensorflow_utils:[20] generator_dwi/gen1_e2_cbam/ch_at/mlp_0/kernel:0 (256, 32) = 8192
2024-12-12 21:18:06,364:tensorflow_utils:[21] generator_dwi/gen1_e2_cbam/ch_at/mlp_0/bias:0 (32,) = 32
2024-12-12 21:18:06,364:tensorflow_utils:[22] generator_dwi/gen1_e2_cbam/ch_at/mlp_1/kernel:0 (32, 256) = 8192
2024-12-12 21:18:06,364:tensorflow_utils:[23] generator_dwi/gen1_e2_cbam/ch_at/mlp_1/bias:0 (256,) = 256
2024-12-12 21:18:06,364:tensorflow_utils:[24] generator_dwi/gen1_e2_cbam/sp_at/conv/kernel:0 (7, 7, 2, 1) = 98
2024-12-12 21:18:06,364:tensorflow_utils:[25] generator_dwi/gen1_e3_conv2d/w:0 (3, 3, 256, 512) = 1179648
2024-12-12 21:18:06,364:tensorflow_utils:[26] generator_dwi/gen1_e3_conv2d/biases:0 (512,) = 512
2024-12-12 21:18:06,364:tensorflow_utils:[27] generator_dwi/gen1_e3_batchnorm/beta:0 (512,) = 512
2024-12-12 21:18:06,364:tensorflow_utils:[28] generator_dwi/gen1_e3_batchnorm/gamma:0 (512,) = 512
2024-12-12 21:18:06,364:tensorflow_utils:[29] generator_dwi/gen1_e3_cbam/ch_at/mlp_0/kernel:0 (512, 64) = 32768
2024-12-12 21:18:06,364:tensorflow_utils:[30] generator_dwi/gen1_e3_cbam/ch_at/mlp_0/bias:0 (64,) = 64
2024-12-12 21:18:06,365:tensorflow_utils:[31] generator_dwi/gen1_e3_cbam/ch_at/mlp_1/kernel:0 (64, 512) = 32768
2024-12-12 21:18:06,365:tensorflow_utils:[32] generator_dwi/gen1_e3_cbam/ch_at/mlp_1/bias:0 (512,) = 512
2024-12-12 21:18:06,365:tensorflow_utils:[33] generator_dwi/gen1_e3_cbam/sp_at/conv/kernel:0 (7, 7, 2, 1) = 98
2024-12-12 21:18:06,365:tensorflow_utils:[34] generator_dwi/gen1_e4_conv2d/w:0 (3, 3, 512, 512) = 2359296
2024-12-12 21:18:06,365:tensorflow_utils:[35] generator_dwi/gen1_e4_conv2d/biases:0 (512,) = 512
2024-12-12 21:18:06,365:tensorflow_utils:[36] generator_dwi/gen1_e4_batchnorm/beta:0 (512,) = 512
2024-12-12 21:18:06,365:tensorflow_utils:[37] generator_dwi/gen1_e4_batchnorm/gamma:0 (512,) = 512
2024-12-12 21:18:06,365:tensorflow_utils:[38] generator_dwi/gen1_e4_cbam/ch_at/mlp_0/kernel:0 (512, 64) = 32768
2024-12-12 21:18:06,365:tensorflow_utils:[39] generator_dwi/gen1_e4_cbam/ch_at/mlp_0/bias:0 (64,) = 64
2024-12-12 21:18:06,365:tensorflow_utils:[40] generator_dwi/gen1_e4_cbam/ch_at/mlp_1/kernel:0 (64, 512) = 32768
2024-12-12 21:18:06,366:tensorflow_utils:[41] generator_dwi/gen1_e4_cbam/ch_at/mlp_1/bias:0 (512,) = 512
2024-12-12 21:18:06,366:tensorflow_utils:[42] generator_dwi/gen1_e4_cbam/sp_at/conv/kernel:0 (7, 7, 2, 1) = 98
2024-12-12 21:18:06,366:tensorflow_utils:[43] generator_dwi/gen1_e5_conv2d/w:0 (3, 3, 512, 512) = 2359296
2024-12-12 21:18:06,366:tensorflow_utils:[44] generator_dwi/gen1_e5_conv2d/biases:0 (512,) = 512
2024-12-12 21:18:06,366:tensorflow_utils:[45] generator_dwi/gen1_e5_batchnorm/beta:0 (512,) = 512
2024-12-12 21:18:06,366:tensorflow_utils:[46] generator_dwi/gen1_e5_batchnorm/gamma:0 (512,) = 512
2024-12-12 21:18:06,366:tensorflow_utils:[47] generator_dwi/gen1_e5_cbam/ch_at/mlp_0/kernel:0 (512, 64) = 32768
2024-12-12 21:18:06,366:tensorflow_utils:[48] generator_dwi/gen1_e5_cbam/ch_at/mlp_0/bias:0 (64,) = 64
2024-12-12 21:18:06,366:tensorflow_utils:[49] generator_dwi/gen1_e5_cbam/ch_at/mlp_1/kernel:0 (64, 512) = 32768
2024-12-12 21:18:06,366:tensorflow_utils:[50] generator_dwi/gen1_e5_cbam/ch_at/mlp_1/bias:0 (512,) = 512
2024-12-12 21:18:06,379:tensorflow_utils:[51] generator_dwi/gen1_e5_cbam/sp_at/conv/kernel:0 (7, 7, 2, 1) = 98
2024-12-12 21:18:06,379:tensorflow_utils:[52] generator_dwi/gen1_e6_conv2d/w:0 (3, 3, 512, 512) = 2359296
2024-12-12 21:18:06,379:tensorflow_utils:[53] generator_dwi/gen1_e6_conv2d/biases:0 (512,) = 512
2024-12-12 21:18:06,379:tensorflow_utils:[54] generator_dwi/gen1_e6_batchnorm/beta:0 (512,) = 512
2024-12-12 21:18:06,379:tensorflow_utils:[55] generator_dwi/gen1_e6_batchnorm/gamma:0 (512,) = 512
2024-12-12 21:18:06,379:tensorflow_utils:[56] generator_dwi/gen1_e6_cbam/ch_at/mlp_0/kernel:0 (512, 64) = 32768
2024-12-12 21:18:06,379:tensorflow_utils:[57] generator_dwi/gen1_e6_cbam/ch_at/mlp_0/bias:0 (64,) = 64
2024-12-12 21:18:06,380:tensorflow_utils:[58] generator_dwi/gen1_e6_cbam/ch_at/mlp_1/kernel:0 (64, 512) = 32768
2024-12-12 21:18:06,380:tensorflow_utils:[59] generator_dwi/gen1_e6_cbam/ch_at/mlp_1/bias:0 (512,) = 512
2024-12-12 21:18:06,380:tensorflow_utils:[60] generator_dwi/gen1_e6_cbam/sp_at/conv/kernel:0 (7, 7, 2, 1) = 98
2024-12-12 21:18:06,380:tensorflow_utils:[61] generator_dwi/gen1_d1_deconv2d/w:0 (3, 3, 512, 512) = 2359296
2024-12-12 21:18:06,380:tensorflow_utils:[62] generator_dwi/gen1_d1_deconv2d/biases:0 (512,) = 512
2024-12-12 21:18:06,380:tensorflow_utils:[63] generator_dwi/gen1_d1_batchnorm/beta:0 (512,) = 512
2024-12-12 21:18:06,380:tensorflow_utils:[64] generator_dwi/gen1_d1_batchnorm/gamma:0 (512,) = 512
2024-12-12 21:18:06,380:tensorflow_utils:[65] generator_dwi/gen1_d1_cbam/ch_at/mlp_0/kernel:0 (1024, 128) = 131072
2024-12-12 21:18:06,380:tensorflow_utils:[66] generator_dwi/gen1_d1_cbam/ch_at/mlp_0/bias:0 (128,) = 128
2024-12-12 21:18:06,380:tensorflow_utils:[67] generator_dwi/gen1_d1_cbam/ch_at/mlp_1/kernel:0 (128, 1024) = 131072
2024-12-12 21:18:06,381:tensorflow_utils:[68] generator_dwi/gen1_d1_cbam/ch_at/mlp_1/bias:0 (1024,) = 1024
2024-12-12 21:18:06,381:tensorflow_utils:[69] generator_dwi/gen1_d1_cbam/sp_at/conv/kernel:0 (7, 7, 2, 1) = 98
2024-12-12 21:18:06,381:tensorflow_utils:[70] generator_dwi/gen1_d2_deconv2d/w:0 (3, 3, 1024, 512) = 4718592
2024-12-12 21:18:06,381:tensorflow_utils:[71] generator_dwi/gen1_d2_deconv2d/biases:0 (512,) = 512
2024-12-12 21:18:06,381:tensorflow_utils:[72] generator_dwi/gen1_d2_batchnorm/beta:0 (512,) = 512
2024-12-12 21:18:06,381:tensorflow_utils:[73] generator_dwi/gen1_d2_batchnorm/gamma:0 (512,) = 512
2024-12-12 21:18:06,381:tensorflow_utils:[74] generator_dwi/gen1_d2_cbam/ch_at/mlp_0/kernel:0 (1024, 128) = 131072
2024-12-12 21:18:06,381:tensorflow_utils:[75] generator_dwi/gen1_d2_cbam/ch_at/mlp_0/bias:0 (128,) = 128
2024-12-12 21:18:06,381:tensorflow_utils:[76] generator_dwi/gen1_d2_cbam/ch_at/mlp_1/kernel:0 (128, 1024) = 131072
2024-12-12 21:18:06,381:tensorflow_utils:[77] generator_dwi/gen1_d2_cbam/ch_at/mlp_1/bias:0 (1024,) = 1024
2024-12-12 21:18:06,382:tensorflow_utils:[78] generator_dwi/gen1_d2_cbam/sp_at/conv/kernel:0 (7, 7, 2, 1) = 98
2024-12-12 21:18:06,382:tensorflow_utils:[79] generator_dwi/gen1_d3_conv2d_11/w:0 (3, 3, 1024, 3) = 27648
2024-12-12 21:18:06,382:tensorflow_utils:[80] generator_dwi/gen1_d3_conv2d_11/biases:0 (3,) = 3
2024-12-12 21:18:06,382:tensorflow_utils:[81] generator_dwi/gen1_d3_deconv2d/w:0 (3, 3, 1024, 512) = 4718592
2024-12-12 21:18:06,382:tensorflow_utils:[82] generator_dwi/gen1_d3_deconv2d/biases:0 (512,) = 512
2024-12-12 21:18:06,382:tensorflow_utils:[83] generator_dwi/gen1_d3_batchnorm/beta:0 (512,) = 512
2024-12-12 21:18:06,382:tensorflow_utils:[84] generator_dwi/gen1_d3_batchnorm/gamma:0 (512,) = 512
2024-12-12 21:18:06,382:tensorflow_utils:[85] generator_dwi/gen1_d3_cbam/ch_at/mlp_0/kernel:0 (1024, 128) = 131072
2024-12-12 21:18:06,382:tensorflow_utils:[86] generator_dwi/gen1_d3_cbam/ch_at/mlp_0/bias:0 (128,) = 128
2024-12-12 21:18:06,382:tensorflow_utils:[87] generator_dwi/gen1_d3_cbam/ch_at/mlp_1/kernel:0 (128, 1024) = 131072
2024-12-12 21:18:06,383:tensorflow_utils:[88] generator_dwi/gen1_d3_cbam/ch_at/mlp_1/bias:0 (1024,) = 1024
2024-12-12 21:18:06,383:tensorflow_utils:[89] generator_dwi/gen1_d3_cbam/sp_at/conv/kernel:0 (7, 7, 2, 1) = 98
2024-12-12 21:18:06,395:tensorflow_utils:[90] generator_dwi/gen1_d4_deconv2d/w:0 (3, 3, 1024, 256) = 2359296
2024-12-12 21:18:06,395:tensorflow_utils:[91] generator_dwi/gen1_d4_deconv2d/biases:0 (256,) = 256
2024-12-12 21:18:06,395:tensorflow_utils:[92] generator_dwi/gen1_d4_batchnorm/beta:0 (256,) = 256
2024-12-12 21:18:06,395:tensorflow_utils:[93] generator_dwi/gen1_d4_batchnorm/gamma:0 (256,) = 256
2024-12-12 21:18:06,395:tensorflow_utils:[94] generator_dwi/gen1_d4_cbam/ch_at/mlp_0/kernel:0 (512, 64) = 32768
2024-12-12 21:18:06,395:tensorflow_utils:[95] generator_dwi/gen1_d4_cbam/ch_at/mlp_0/bias:0 (64,) = 64
2024-12-12 21:18:06,395:tensorflow_utils:[96] generator_dwi/gen1_d4_cbam/ch_at/mlp_1/kernel:0 (64, 512) = 32768
2024-12-12 21:18:06,395:tensorflow_utils:[97] generator_dwi/gen1_d4_cbam/ch_at/mlp_1/bias:0 (512,) = 512
2024-12-12 21:18:06,396:tensorflow_utils:[98] generator_dwi/gen1_d4_cbam/sp_at/conv/kernel:0 (7, 7, 2, 1) = 98
2024-12-12 21:18:06,396:tensorflow_utils:[99] generator_dwi/gen1_d4_conv2d_11/w:0 (3, 3, 512, 3) = 13824
2024-12-12 21:18:06,396:tensorflow_utils:[100] generator_dwi/gen1_d4_conv2d_11/biases:0 (3,) = 3
2024-12-12 21:18:06,396:tensorflow_utils:[101] generator_dwi/gen1_d5_deconv2d/w:0 (3, 3, 512, 128) = 589824
2024-12-12 21:18:06,396:tensorflow_utils:[102] generator_dwi/gen1_d5_deconv2d/biases:0 (128,) = 128
2024-12-12 21:18:06,396:tensorflow_utils:[103] generator_dwi/gen1_d5_batchnorm/beta:0 (128,) = 128
2024-12-12 21:18:06,396:tensorflow_utils:[104] generator_dwi/gen1_d5_batchnorm/gamma:0 (128,) = 128
2024-12-12 21:18:06,396:tensorflow_utils:[105] generator_dwi/gen1_d5_cbam/ch_at/mlp_0/kernel:0 (256, 32) = 8192
2024-12-12 21:18:06,396:tensorflow_utils:[106] generator_dwi/gen1_d5_cbam/ch_at/mlp_0/bias:0 (32,) = 32
2024-12-12 21:18:06,396:tensorflow_utils:[107] generator_dwi/gen1_d5_cbam/ch_at/mlp_1/kernel:0 (32, 256) = 8192
2024-12-12 21:18:06,397:tensorflow_utils:[108] generator_dwi/gen1_d5_cbam/ch_at/mlp_1/bias:0 (256,) = 256
2024-12-12 21:18:06,397:tensorflow_utils:[109] generator_dwi/gen1_d5_cbam/sp_at/conv/kernel:0 (7, 7, 2, 1) = 98
2024-12-12 21:18:06,397:tensorflow_utils:[110] generator_dwi/gen1_d6_deconv2d/w:0 (3, 3, 256, 64) = 147456
2024-12-12 21:18:06,397:tensorflow_utils:[111] generator_dwi/gen1_d6_deconv2d/biases:0 (64,) = 64
2024-12-12 21:18:06,397:tensorflow_utils:[112] generator_dwi/gen1_d6_batchnorm/beta:0 (64,) = 64
2024-12-12 21:18:06,397:tensorflow_utils:[113] generator_dwi/gen1_d6_batchnorm/gamma:0 (64,) = 64
2024-12-12 21:18:06,397:tensorflow_utils:[114] generator_dwi/gen1_d7_deconv2d/w:0 (3, 3, 128, 3) = 3456
2024-12-12 21:18:06,397:tensorflow_utils:[115] generator_dwi/gen1_d7_deconv2d/biases:0 (3,) = 3
2024-12-12 21:18:06,397:tensorflow_utils:[116] generator_first/gen1_e0_conv2d/w:0 (3, 3, 3, 64) = 1728
2024-12-12 21:18:06,397:tensorflow_utils:[117] generator_first/gen1_e0_conv2d/biases:0 (64,) = 64
2024-12-12 21:18:06,398:tensorflow_utils:[118] generator_first/gen1_e0_cbam/ch_at/mlp_0/kernel:0 (64, 8) = 512
2024-12-12 21:18:06,398:tensorflow_utils:[119] generator_first/gen1_e0_cbam/ch_at/mlp_0/bias:0 (8,) = 8
2024-12-12 21:18:06,398:tensorflow_utils:[120] generator_first/gen1_e0_cbam/ch_at/mlp_1/kernel:0 (8, 64) = 512
2024-12-12 21:18:06,398:tensorflow_utils:[121] generator_first/gen1_e0_cbam/ch_at/mlp_1/bias:0 (64,) = 64
2024-12-12 21:18:06,398:tensorflow_utils:[122] generator_first/gen1_e0_cbam/sp_at/conv/kernel:0 (7, 7, 2, 1) = 98
2024-12-12 21:18:06,398:tensorflow_utils:[123] generator_first/gen1_e1_conv2d/w:0 (3, 3, 64, 128) = 73728
2024-12-12 21:18:06,398:tensorflow_utils:[124] generator_first/gen1_e1_conv2d/biases:0 (128,) = 128
2024-12-12 21:18:06,398:tensorflow_utils:[125] generator_first/gen1_e1_batchnorm/beta:0 (128,) = 128
2024-12-12 21:18:06,398:tensorflow_utils:[126] generator_first/gen1_e1_batchnorm/gamma:0 (128,) = 128
2024-12-12 21:18:06,398:tensorflow_utils:[127] generator_first/gen1_e1_cbam/ch_at/mlp_0/kernel:0 (128, 16) = 2048
2024-12-12 21:18:06,398:tensorflow_utils:[128] generator_first/gen1_e1_cbam/ch_at/mlp_0/bias:0 (16,) = 16
2024-12-12 21:18:06,399:tensorflow_utils:[129] generator_first/gen1_e1_cbam/ch_at/mlp_1/kernel:0 (16, 128) = 2048
2024-12-12 21:18:06,411:tensorflow_utils:[130] generator_first/gen1_e1_cbam/ch_at/mlp_1/bias:0 (128,) = 128
2024-12-12 21:18:06,411:tensorflow_utils:[131] generator_first/gen1_e1_cbam/sp_at/conv/kernel:0 (7, 7, 2, 1) = 98
2024-12-12 21:18:06,411:tensorflow_utils:[132] generator_first/gen1_e2_conv2d/w:0 (3, 3, 128, 256) = 294912
2024-12-12 21:18:06,411:tensorflow_utils:[133] generator_first/gen1_e2_conv2d/biases:0 (256,) = 256
2024-12-12 21:18:06,411:tensorflow_utils:[134] generator_first/gen1_e2_batchnorm/beta:0 (256,) = 256
2024-12-12 21:18:06,411:tensorflow_utils:[135] generator_first/gen1_e2_batchnorm/gamma:0 (256,) = 256
2024-12-12 21:18:06,411:tensorflow_utils:[136] generator_first/gen1_e2_cbam/ch_at/mlp_0/kernel:0 (256, 32) = 8192
2024-12-12 21:18:06,411:tensorflow_utils:[137] generator_first/gen1_e2_cbam/ch_at/mlp_0/bias:0 (32,) = 32
2024-12-12 21:18:06,412:tensorflow_utils:[138] generator_first/gen1_e2_cbam/ch_at/mlp_1/kernel:0 (32, 256) = 8192
2024-12-12 21:18:06,412:tensorflow_utils:[139] generator_first/gen1_e2_cbam/ch_at/mlp_1/bias:0 (256,) = 256
2024-12-12 21:18:06,412:tensorflow_utils:[140] generator_first/gen1_e2_cbam/sp_at/conv/kernel:0 (7, 7, 2, 1) = 98
2024-12-12 21:18:06,412:tensorflow_utils:[141] generator_first/gen1_e3_conv2d/w:0 (3, 3, 256, 512) = 1179648
2024-12-12 21:18:06,412:tensorflow_utils:[142] generator_first/gen1_e3_conv2d/biases:0 (512,) = 512
2024-12-12 21:18:06,412:tensorflow_utils:[143] generator_first/gen1_e3_batchnorm/beta:0 (512,) = 512
2024-12-12 21:18:06,412:tensorflow_utils:[144] generator_first/gen1_e3_batchnorm/gamma:0 (512,) = 512
2024-12-12 21:18:06,412:tensorflow_utils:[145] generator_first/gen1_e3_cbam/ch_at/mlp_0/kernel:0 (512, 64) = 32768
2024-12-12 21:18:06,412:tensorflow_utils:[146] generator_first/gen1_e3_cbam/ch_at/mlp_0/bias:0 (64,) = 64
2024-12-12 21:18:06,412:tensorflow_utils:[147] generator_first/gen1_e3_cbam/ch_at/mlp_1/kernel:0 (64, 512) = 32768
2024-12-12 21:18:06,413:tensorflow_utils:[148] generator_first/gen1_e3_cbam/ch_at/mlp_1/bias:0 (512,) = 512
2024-12-12 21:18:06,413:tensorflow_utils:[149] generator_first/gen1_e3_cbam/sp_at/conv/kernel:0 (7, 7, 2, 1) = 98
2024-12-12 21:18:06,413:tensorflow_utils:[150] generator_first/gen1_e4_conv2d/w:0 (3, 3, 512, 512) = 2359296
2024-12-12 21:18:06,413:tensorflow_utils:[151] generator_first/gen1_e4_conv2d/biases:0 (512,) = 512
2024-12-12 21:18:06,413:tensorflow_utils:[152] generator_first/gen1_e4_batchnorm/beta:0 (512,) = 512
2024-12-12 21:18:06,413:tensorflow_utils:[153] generator_first/gen1_e4_batchnorm/gamma:0 (512,) = 512
2024-12-12 21:18:06,413:tensorflow_utils:[154] generator_first/gen1_e4_cbam/ch_at/mlp_0/kernel:0 (512, 64) = 32768
2024-12-12 21:18:06,413:tensorflow_utils:[155] generator_first/gen1_e4_cbam/ch_at/mlp_0/bias:0 (64,) = 64
2024-12-12 21:18:06,413:tensorflow_utils:[156] generator_first/gen1_e4_cbam/ch_at/mlp_1/kernel:0 (64, 512) = 32768
2024-12-12 21:18:06,413:tensorflow_utils:[157] generator_first/gen1_e4_cbam/ch_at/mlp_1/bias:0 (512,) = 512
2024-12-12 21:18:06,414:tensorflow_utils:[158] generator_first/gen1_e4_cbam/sp_at/conv/kernel:0 (7, 7, 2, 1) = 98
2024-12-12 21:18:06,414:tensorflow_utils:[159] generator_first/gen1_e5_conv2d/w:0 (3, 3, 512, 512) = 2359296
2024-12-12 21:18:06,414:tensorflow_utils:[160] generator_first/gen1_e5_conv2d/biases:0 (512,) = 512
2024-12-12 21:18:06,414:tensorflow_utils:[161] generator_first/gen1_e5_batchnorm/beta:0 (512,) = 512
2024-12-12 21:18:06,414:tensorflow_utils:[162] generator_first/gen1_e5_batchnorm/gamma:0 (512,) = 512
2024-12-12 21:18:06,414:tensorflow_utils:[163] generator_first/gen1_e5_cbam/ch_at/mlp_0/kernel:0 (512, 64) = 32768
2024-12-12 21:18:06,414:tensorflow_utils:[164] generator_first/gen1_e5_cbam/ch_at/mlp_0/bias:0 (64,) = 64
2024-12-12 21:18:06,414:tensorflow_utils:[165] generator_first/gen1_e5_cbam/ch_at/mlp_1/kernel:0 (64, 512) = 32768
2024-12-12 21:18:06,414:tensorflow_utils:[166] generator_first/gen1_e5_cbam/ch_at/mlp_1/bias:0 (512,) = 512
2024-12-12 21:18:06,414:tensorflow_utils:[167] generator_first/gen1_e5_cbam/sp_at/conv/kernel:0 (7, 7, 2, 1) = 98
2024-12-12 21:18:06,427:tensorflow_utils:[168] generator_first/gen1_e6_conv2d/w:0 (3, 3, 512, 512) = 2359296
2024-12-12 21:18:06,427:tensorflow_utils:[169] generator_first/gen1_e6_conv2d/biases:0 (512,) = 512
2024-12-12 21:18:06,427:tensorflow_utils:[170] generator_first/gen1_e6_batchnorm/beta:0 (512,) = 512
2024-12-12 21:18:06,427:tensorflow_utils:[171] generator_first/gen1_e6_batchnorm/gamma:0 (512,) = 512
2024-12-12 21:18:06,427:tensorflow_utils:[172] generator_first/gen1_e6_cbam/ch_at/mlp_0/kernel:0 (512, 64) = 32768
2024-12-12 21:18:06,427:tensorflow_utils:[173] generator_first/gen1_e6_cbam/ch_at/mlp_0/bias:0 (64,) = 64
2024-12-12 21:18:06,427:tensorflow_utils:[174] generator_first/gen1_e6_cbam/ch_at/mlp_1/kernel:0 (64, 512) = 32768
2024-12-12 21:18:06,427:tensorflow_utils:[175] generator_first/gen1_e6_cbam/ch_at/mlp_1/bias:0 (512,) = 512
2024-12-12 21:18:06,428:tensorflow_utils:[176] generator_first/gen1_e6_cbam/sp_at/conv/kernel:0 (7, 7, 2, 1) = 98
2024-12-12 21:18:06,428:tensorflow_utils:[177] generator_first/gen1_d1_deconv2d/w:0 (3, 3, 512, 512) = 2359296
2024-12-12 21:18:06,428:tensorflow_utils:[178] generator_first/gen1_d1_deconv2d/biases:0 (512,) = 512
2024-12-12 21:18:06,428:tensorflow_utils:[179] generator_first/gen1_d1_batchnorm/beta:0 (512,) = 512
2024-12-12 21:18:06,428:tensorflow_utils:[180] generator_first/gen1_d1_batchnorm/gamma:0 (512,) = 512
2024-12-12 21:18:06,428:tensorflow_utils:[181] generator_first/gen1_d1_cbam/ch_at/mlp_0/kernel:0 (1024, 128) = 131072
2024-12-12 21:18:06,428:tensorflow_utils:[182] generator_first/gen1_d1_cbam/ch_at/mlp_0/bias:0 (128,) = 128
2024-12-12 21:18:06,428:tensorflow_utils:[183] generator_first/gen1_d1_cbam/ch_at/mlp_1/kernel:0 (128, 1024) = 131072
2024-12-12 21:18:06,428:tensorflow_utils:[184] generator_first/gen1_d1_cbam/ch_at/mlp_1/bias:0 (1024,) = 1024
2024-12-12 21:18:06,428:tensorflow_utils:[185] generator_first/gen1_d1_cbam/sp_at/conv/kernel:0 (7, 7, 2, 1) = 98
2024-12-12 21:18:06,429:tensorflow_utils:[186] generator_first/gen1_d2_deconv2d/w:0 (3, 3, 1024, 512) = 4718592
2024-12-12 21:18:06,429:tensorflow_utils:[187] generator_first/gen1_d2_deconv2d/biases:0 (512,) = 512
2024-12-12 21:18:06,429:tensorflow_utils:[188] generator_first/gen1_d2_batchnorm/beta:0 (512,) = 512
2024-12-12 21:18:06,429:tensorflow_utils:[189] generator_first/gen1_d2_batchnorm/gamma:0 (512,) = 512
2024-12-12 21:18:06,429:tensorflow_utils:[190] generator_first/gen1_d2_cbam/ch_at/mlp_0/kernel:0 (1024, 128) = 131072
2024-12-12 21:18:06,429:tensorflow_utils:[191] generator_first/gen1_d2_cbam/ch_at/mlp_0/bias:0 (128,) = 128
2024-12-12 21:18:06,429:tensorflow_utils:[192] generator_first/gen1_d2_cbam/ch_at/mlp_1/kernel:0 (128, 1024) = 131072
2024-12-12 21:18:06,429:tensorflow_utils:[193] generator_first/gen1_d2_cbam/ch_at/mlp_1/bias:0 (1024,) = 1024
2024-12-12 21:18:06,429:tensorflow_utils:[194] generator_first/gen1_d2_cbam/sp_at/conv/kernel:0 (7, 7, 2, 1) = 98
2024-12-12 21:18:06,429:tensorflow_utils:[195] generator_first/gen1_d3_conv2d_11/w:0 (3, 3, 1024, 3) = 27648
2024-12-12 21:18:06,430:tensorflow_utils:[196] generator_first/gen1_d3_conv2d_11/biases:0 (3,) = 3
2024-12-12 21:18:06,430:tensorflow_utils:[197] generator_first/gen1_d3_deconv2d/w:0 (3, 3, 1024, 512) = 4718592
2024-12-12 21:18:06,430:tensorflow_utils:[198] generator_first/gen1_d3_deconv2d/biases:0 (512,) = 512
2024-12-12 21:18:06,430:tensorflow_utils:[199] generator_first/gen1_d3_batchnorm/beta:0 (512,) = 512
2024-12-12 21:18:06,430:tensorflow_utils:[200] generator_first/gen1_d3_batchnorm/gamma:0 (512,) = 512
2024-12-12 21:18:06,430:tensorflow_utils:[201] generator_first/gen1_d3_cbam/ch_at/mlp_0/kernel:0 (1024, 128) = 131072
2024-12-12 21:18:06,430:tensorflow_utils:[202] generator_first/gen1_d3_cbam/ch_at/mlp_0/bias:0 (128,) = 128
2024-12-12 21:18:06,430:tensorflow_utils:[203] generator_first/gen1_d3_cbam/ch_at/mlp_1/kernel:0 (128, 1024) = 131072
2024-12-12 21:18:06,430:tensorflow_utils:[204] generator_first/gen1_d3_cbam/ch_at/mlp_1/bias:0 (1024,) = 1024
2024-12-12 21:18:06,431:tensorflow_utils:[205] generator_first/gen1_d3_cbam/sp_at/conv/kernel:0 (7, 7, 2, 1) = 98
2024-12-12 21:18:06,443:tensorflow_utils:[206] generator_first/gen1_d4_deconv2d/w:0 (3, 3, 1024, 256) = 2359296
2024-12-12 21:18:06,443:tensorflow_utils:[207] generator_first/gen1_d4_deconv2d/biases:0 (256,) = 256
2024-12-12 21:18:06,443:tensorflow_utils:[208] generator_first/gen1_d4_batchnorm/beta:0 (256,) = 256
2024-12-12 21:18:06,443:tensorflow_utils:[209] generator_first/gen1_d4_batchnorm/gamma:0 (256,) = 256
2024-12-12 21:18:06,443:tensorflow_utils:[210] generator_first/gen1_d4_cbam/ch_at/mlp_0/kernel:0 (512, 64) = 32768
2024-12-12 21:18:06,443:tensorflow_utils:[211] generator_first/gen1_d4_cbam/ch_at/mlp_0/bias:0 (64,) = 64
2024-12-12 21:18:06,443:tensorflow_utils:[212] generator_first/gen1_d4_cbam/ch_at/mlp_1/kernel:0 (64, 512) = 32768
2024-12-12 21:18:06,443:tensorflow_utils:[213] generator_first/gen1_d4_cbam/ch_at/mlp_1/bias:0 (512,) = 512
2024-12-12 21:18:06,444:tensorflow_utils:[214] generator_first/gen1_d4_cbam/sp_at/conv/kernel:0 (7, 7, 2, 1) = 98
2024-12-12 21:18:06,444:tensorflow_utils:[215] generator_first/gen1_d4_conv2d_11/w:0 (3, 3, 512, 3) = 13824
2024-12-12 21:18:06,444:tensorflow_utils:[216] generator_first/gen1_d4_conv2d_11/biases:0 (3,) = 3
2024-12-12 21:18:06,444:tensorflow_utils:[217] generator_first/gen1_d5_deconv2d/w:0 (3, 3, 512, 128) = 589824
2024-12-12 21:18:06,444:tensorflow_utils:[218] generator_first/gen1_d5_deconv2d/biases:0 (128,) = 128
2024-12-12 21:18:06,444:tensorflow_utils:[219] generator_first/gen1_d5_batchnorm/beta:0 (128,) = 128
2024-12-12 21:18:06,444:tensorflow_utils:[220] generator_first/gen1_d5_batchnorm/gamma:0 (128,) = 128
2024-12-12 21:18:06,444:tensorflow_utils:[221] generator_first/gen1_d5_cbam/ch_at/mlp_0/kernel:0 (256, 32) = 8192
2024-12-12 21:18:06,444:tensorflow_utils:[222] generator_first/gen1_d5_cbam/ch_at/mlp_0/bias:0 (32,) = 32
2024-12-12 21:18:06,444:tensorflow_utils:[223] generator_first/gen1_d5_cbam/ch_at/mlp_1/kernel:0 (32, 256) = 8192
2024-12-12 21:18:06,445:tensorflow_utils:[224] generator_first/gen1_d5_cbam/ch_at/mlp_1/bias:0 (256,) = 256
2024-12-12 21:18:06,445:tensorflow_utils:[225] generator_first/gen1_d5_cbam/sp_at/conv/kernel:0 (7, 7, 2, 1) = 98
2024-12-12 21:18:06,445:tensorflow_utils:[226] generator_first/gen1_d6_deconv2d/w:0 (3, 3, 256, 64) = 147456
2024-12-12 21:18:06,445:tensorflow_utils:[227] generator_first/gen1_d6_deconv2d/biases:0 (64,) = 64
2024-12-12 21:18:06,445:tensorflow_utils:[228] generator_first/gen1_d6_batchnorm/beta:0 (64,) = 64
2024-12-12 21:18:06,445:tensorflow_utils:[229] generator_first/gen1_d6_batchnorm/gamma:0 (64,) = 64
2024-12-12 21:18:06,445:tensorflow_utils:[230] generator_first/gen1_d7_deconv2d/w:0 (3, 3, 128, 3) = 3456
2024-12-12 21:18:06,445:tensorflow_utils:[231] generator_first/gen1_d7_deconv2d/biases:0 (3,) = 3
2024-12-12 21:18:06,445:tensorflow_utils:[232] gen_merge/gen1_d8_conv/w:0 (3, 3, 3, 3) = 81
2024-12-12 21:18:06,445:tensorflow_utils:[233] gen_merge/gen1_d8_conv/biases:0 (3,) = 3
2024-12-12 21:18:06,446:tensorflow_utils:[Total] variable size: 49,480,838
