2023-11-02 20:29:52,149:tensorflow_utils:concat[1, 384, 384, 6]
2023-11-02 20:29:52,156:tensorflow_utils:generator_dwi/gen1_e0_conv2d/BiasAdd[1, 192, 192, 64]
2023-11-02 20:29:52,209:tensorflow_utils:generator_dwi/gen1_e1_conv2d/BiasAdd[1, 96, 96, 128]
2023-11-02 20:29:52,295:tensorflow_utils:generator_dwi/gen1_e2_conv2d/BiasAdd[1, 48, 48, 256]
2023-11-02 20:29:52,383:tensorflow_utils:generator_dwi/gen1_e3_conv2d/BiasAdd[1, 24, 24, 512]
2023-11-02 20:29:52,472:tensorflow_utils:generator_dwi/gen1_e4_conv2d/BiasAdd[1, 12, 12, 512]
2023-11-02 20:29:52,558:tensorflow_utils:generator_dwi/gen1_e5_conv2d/BiasAdd[1, 6, 6, 512]
2023-11-02 20:29:52,643:tensorflow_utils:generator_dwi/gen1_e6_conv2d/BiasAdd[1, 3, 3, 512]
2023-11-02 20:29:52,771:tensorflow_utils:generator_dwi/gen1_d1_deconv2d/BiasAdd[1, 6, 6, 512]
2023-11-02 20:29:52,774:tensorflow_utils:generator_dwi/gen1_d1_split[1, 6, 6, 512]
2023-11-02 20:29:52,866:tensorflow_utils:generator_dwi/gen1_d2_deconv2d/BiasAdd[1, 12, 12, 512]
2023-11-02 20:29:52,868:tensorflow_utils:generator_dwi/gen1_d2_split[1, 12, 12, 512]
2023-11-02 20:29:52,960:tensorflow_utils:generator_dwi/gen1_d3_conv2d_11/BiasAdd[1, 384, 384, 3]
2023-11-02 20:29:52,968:tensorflow_utils:generator_dwi/gen1_d3_deconv2d/BiasAdd[1, 24, 24, 512]
2023-11-02 20:29:52,969:tensorflow_utils:generator_dwi/gen1_d3_split_1[1, 24, 24, 512]
2023-11-02 20:29:52,970:tensorflow_utils:generator_dwi/d3_split_2[1, 24, 24, 512]
2023-11-02 20:29:53,056:tensorflow_utils:generator_dwi/gen1_d4_deconv2d/BiasAdd[1, 48, 48, 256]
2023-11-02 20:29:53,057:tensorflow_utils:generator_dwi/gen1_d4_split[1, 48, 48, 256]
2023-11-02 20:29:53,144:tensorflow_utils:generator_dwi/gen1_d4_conv2d_11/BiasAdd[1, 384, 384, 3]
2023-11-02 20:29:53,152:tensorflow_utils:generator_dwi/gen1_d5_deconv2d/BiasAdd[1, 96, 96, 128]
2023-11-02 20:29:53,153:tensorflow_utils:generator_dwi/gen1_d5_split[1, 96, 96, 128]
2023-11-02 20:29:53,240:tensorflow_utils:generator_dwi/gen1_d6_deconv2d/BiasAdd[1, 192, 192, 64]
2023-11-02 20:29:53,285:tensorflow_utils:generator_dwi/gen1_d7_deconv2d/BiasAdd[1, 384, 384, 3]
2023-11-02 20:29:53,286:tensorflow_utils:data/shuffle_batch[1, 384, 384, 3]
2023-11-02 20:29:53,293:tensorflow_utils:generator_first/gen1_e0_conv2d/BiasAdd[1, 192, 192, 64]
2023-11-02 20:29:53,345:tensorflow_utils:generator_first/gen1_e1_conv2d/BiasAdd[1, 96, 96, 128]
2023-11-02 20:29:53,432:tensorflow_utils:generator_first/gen1_e2_conv2d/BiasAdd[1, 48, 48, 256]
2023-11-02 20:29:53,521:tensorflow_utils:generator_first/gen1_e3_conv2d/BiasAdd[1, 24, 24, 512]
2023-11-02 20:29:53,666:tensorflow_utils:generator_first/gen1_e4_conv2d/BiasAdd[1, 12, 12, 512]
2023-11-02 20:29:53,755:tensorflow_utils:generator_first/gen1_e5_conv2d/BiasAdd[1, 6, 6, 512]
2023-11-02 20:29:53,844:tensorflow_utils:generator_first/gen1_e6_conv2d/BiasAdd[1, 3, 3, 512]
2023-11-02 20:29:53,932:tensorflow_utils:generator_first/gen1_d1_deconv2d/BiasAdd[1, 6, 6, 512]
2023-11-02 20:29:53,933:tensorflow_utils:generator_first/gen1_d1_split[1, 6, 6, 512]
2023-11-02 20:29:54,025:tensorflow_utils:generator_first/gen1_d2_deconv2d/BiasAdd[1, 12, 12, 512]
2023-11-02 20:29:54,026:tensorflow_utils:generator_first/gen1_d2_split[1, 12, 12, 512]
2023-11-02 20:29:54,118:tensorflow_utils:generator_first/gen1_d3_conv2d_11/BiasAdd[1, 384, 384, 3]
2023-11-02 20:29:54,126:tensorflow_utils:generator_first/gen1_d3_deconv2d/BiasAdd[1, 24, 24, 512]
2023-11-02 20:29:54,127:tensorflow_utils:generator_first/gen1_d3_split_1[1, 24, 24, 512]
2023-11-02 20:29:54,128:tensorflow_utils:generator_first/d3_split_2[1, 24, 24, 512]
2023-11-02 20:29:54,214:tensorflow_utils:generator_first/gen1_d4_deconv2d/BiasAdd[1, 48, 48, 256]
2023-11-02 20:29:54,215:tensorflow_utils:generator_first/gen1_d4_split[1, 48, 48, 256]
2023-11-02 20:29:54,304:tensorflow_utils:generator_first/gen1_d4_conv2d_11/BiasAdd[1, 384, 384, 3]
2023-11-02 20:29:54,313:tensorflow_utils:generator_first/gen1_d5_deconv2d/BiasAdd[1, 96, 96, 128]
2023-11-02 20:29:54,314:tensorflow_utils:generator_first/gen1_d5_split[1, 96, 96, 128]
2023-11-02 20:29:54,402:tensorflow_utils:generator_first/gen1_d6_deconv2d/BiasAdd[1, 192, 192, 64]
2023-11-02 20:29:54,447:tensorflow_utils:generator_first/gen1_d7_deconv2d/BiasAdd[1, 384, 384, 3]
2023-11-02 20:29:54,464:tensorflow_utils:gen_merge/gen1_d8_conv/BiasAdd[1, 384, 384, 3]
2023-11-02 20:29:59,871:tensorflow_utils:concat_1[None, 384, 384, 6]
2023-11-02 20:29:59,872:tensorflow_utils:generator_dwi_1/gen1_e0_conv2d/BiasAdd[None, 192, 192, 64]
2023-11-02 20:29:59,925:tensorflow_utils:generator_dwi_1/gen1_e1_conv2d/BiasAdd[None, 96, 96, 128]
2023-11-02 20:29:59,999:tensorflow_utils:generator_dwi_1/gen1_e2_conv2d/BiasAdd[None, 48, 48, 256]
2023-11-02 20:30:00,171:tensorflow_utils:generator_dwi_1/gen1_e3_conv2d/BiasAdd[None, 24, 24, 512]
2023-11-02 20:30:00,247:tensorflow_utils:generator_dwi_1/gen1_e4_conv2d/BiasAdd[None, 12, 12, 512]
2023-11-02 20:30:00,324:tensorflow_utils:generator_dwi_1/gen1_e5_conv2d/BiasAdd[None, 6, 6, 512]
2023-11-02 20:30:00,398:tensorflow_utils:generator_dwi_1/gen1_e6_conv2d/BiasAdd[None, 3, 3, 512]
2023-11-02 20:30:00,473:tensorflow_utils:generator_dwi_1/gen1_d1_deconv2d/BiasAdd[None, 6, 6, 512]
2023-11-02 20:30:00,474:tensorflow_utils:generator_dwi_1/gen1_d1_split[None, 6, 6, 512]
2023-11-02 20:30:00,552:tensorflow_utils:generator_dwi_1/gen1_d2_deconv2d/BiasAdd[None, 12, 12, 512]
2023-11-02 20:30:00,553:tensorflow_utils:generator_dwi_1/gen1_d2_split[None, 12, 12, 512]
2023-11-02 20:30:00,632:tensorflow_utils:generator_dwi_1/gen1_d3_conv2d_11/BiasAdd[None, 384, 384, 3]
2023-11-02 20:30:00,635:tensorflow_utils:generator_dwi_1/gen1_d3_deconv2d/BiasAdd[None, 24, 24, 512]
2023-11-02 20:30:00,636:tensorflow_utils:generator_dwi_1/gen1_d3_split_1[None, 24, 24, 512]
2023-11-02 20:30:00,637:tensorflow_utils:generator_dwi_1/d3_split_2[None, 24, 24, 512]
2023-11-02 20:30:00,712:tensorflow_utils:generator_dwi_1/gen1_d4_deconv2d/BiasAdd[None, 48, 48, 256]
2023-11-02 20:30:00,713:tensorflow_utils:generator_dwi_1/gen1_d4_split[None, 48, 48, 256]
2023-11-02 20:30:00,787:tensorflow_utils:generator_dwi_1/gen1_d4_conv2d_11/BiasAdd[None, 384, 384, 3]
2023-11-02 20:30:00,790:tensorflow_utils:generator_dwi_1/gen1_d5_deconv2d/BiasAdd[None, 96, 96, 128]
2023-11-02 20:30:00,791:tensorflow_utils:generator_dwi_1/gen1_d5_split[None, 96, 96, 128]
2023-11-02 20:30:00,864:tensorflow_utils:generator_dwi_1/gen1_d6_deconv2d/BiasAdd[None, 192, 192, 64]
2023-11-02 20:30:00,888:tensorflow_utils:generator_dwi_1/gen1_d7_deconv2d/BiasAdd[None, 384, 384, 3]
2023-11-02 20:30:00,890:tensorflow_utils:x1_test_tfph[None, 384, 384, 3]
2023-11-02 20:30:00,891:tensorflow_utils:generator_first_1/gen1_e0_conv2d/BiasAdd[None, 192, 192, 64]
2023-11-02 20:30:00,944:tensorflow_utils:generator_first_1/gen1_e1_conv2d/BiasAdd[None, 96, 96, 128]
2023-11-02 20:30:01,019:tensorflow_utils:generator_first_1/gen1_e2_conv2d/BiasAdd[None, 48, 48, 256]
2023-11-02 20:30:01,092:tensorflow_utils:generator_first_1/gen1_e3_conv2d/BiasAdd[None, 24, 24, 512]
2023-11-02 20:30:01,166:tensorflow_utils:generator_first_1/gen1_e4_conv2d/BiasAdd[None, 12, 12, 512]
2023-11-02 20:30:01,238:tensorflow_utils:generator_first_1/gen1_e5_conv2d/BiasAdd[None, 6, 6, 512]
2023-11-02 20:30:01,314:tensorflow_utils:generator_first_1/gen1_e6_conv2d/BiasAdd[None, 3, 3, 512]
2023-11-02 20:30:01,389:tensorflow_utils:generator_first_1/gen1_d1_deconv2d/BiasAdd[None, 6, 6, 512]
2023-11-02 20:30:01,391:tensorflow_utils:generator_first_1/gen1_d1_split[None, 6, 6, 512]
2023-11-02 20:30:01,473:tensorflow_utils:generator_first_1/gen1_d2_deconv2d/BiasAdd[None, 12, 12, 512]
2023-11-02 20:30:01,475:tensorflow_utils:generator_first_1/gen1_d2_split[None, 12, 12, 512]
2023-11-02 20:30:01,554:tensorflow_utils:generator_first_1/gen1_d3_conv2d_11/BiasAdd[None, 384, 384, 3]
2023-11-02 20:30:01,556:tensorflow_utils:generator_first_1/gen1_d3_deconv2d/BiasAdd[None, 24, 24, 512]
2023-11-02 20:30:01,557:tensorflow_utils:generator_first_1/gen1_d3_split_1[None, 24, 24, 512]
2023-11-02 20:30:01,559:tensorflow_utils:generator_first_1/d3_split_2[None, 24, 24, 512]
2023-11-02 20:30:01,634:tensorflow_utils:generator_first_1/gen1_d4_deconv2d/BiasAdd[None, 48, 48, 256]
2023-11-02 20:30:01,635:tensorflow_utils:generator_first_1/gen1_d4_split[None, 48, 48, 256]
2023-11-02 20:30:01,713:tensorflow_utils:generator_first_1/gen1_d4_conv2d_11/BiasAdd[None, 384, 384, 3]
2023-11-02 20:30:01,716:tensorflow_utils:generator_first_1/gen1_d5_deconv2d/BiasAdd[None, 96, 96, 128]
2023-11-02 20:30:01,718:tensorflow_utils:generator_first_1/gen1_d5_split[None, 96, 96, 128]
2023-11-02 20:30:01,800:tensorflow_utils:generator_first_1/gen1_d6_deconv2d/BiasAdd[None, 192, 192, 64]
2023-11-02 20:30:01,826:tensorflow_utils:generator_first_1/gen1_d7_deconv2d/BiasAdd[None, 384, 384, 3]
2023-11-02 20:30:01,838:tensorflow_utils:gen_merge_1/gen1_d8_conv/BiasAdd[1, 384, 384, 3]
2023-11-02 20:30:01,840:tensorflow_utils:concat_2[None, 384, 384, 6]
2023-11-02 20:30:01,841:tensorflow_utils:generator_dwi_2/gen1_e0_conv2d/BiasAdd[None, 192, 192, 64]
2023-11-02 20:30:01,893:tensorflow_utils:generator_dwi_2/gen1_e1_conv2d/BiasAdd[None, 96, 96, 128]
2023-11-02 20:30:01,966:tensorflow_utils:generator_dwi_2/gen1_e2_conv2d/BiasAdd[None, 48, 48, 256]
2023-11-02 20:30:02,044:tensorflow_utils:generator_dwi_2/gen1_e3_conv2d/BiasAdd[None, 24, 24, 512]
2023-11-02 20:30:02,117:tensorflow_utils:generator_dwi_2/gen1_e4_conv2d/BiasAdd[None, 12, 12, 512]
2023-11-02 20:30:02,190:tensorflow_utils:generator_dwi_2/gen1_e5_conv2d/BiasAdd[None, 6, 6, 512]
2023-11-02 20:30:02,263:tensorflow_utils:generator_dwi_2/gen1_e6_conv2d/BiasAdd[None, 3, 3, 512]
2023-11-02 20:30:02,338:tensorflow_utils:generator_dwi_2/gen1_d1_deconv2d/BiasAdd[None, 6, 6, 512]
2023-11-02 20:30:02,339:tensorflow_utils:generator_dwi_2/gen1_d1_split[None, 6, 6, 512]
2023-11-02 20:30:02,417:tensorflow_utils:generator_dwi_2/gen1_d2_deconv2d/BiasAdd[None, 12, 12, 512]
2023-11-02 20:30:02,418:tensorflow_utils:generator_dwi_2/gen1_d2_split[None, 12, 12, 512]
2023-11-02 20:30:02,498:tensorflow_utils:generator_dwi_2/gen1_d3_conv2d_11/BiasAdd[None, 384, 384, 3]
2023-11-02 20:30:02,501:tensorflow_utils:generator_dwi_2/gen1_d3_deconv2d/BiasAdd[None, 24, 24, 512]
2023-11-02 20:30:02,502:tensorflow_utils:generator_dwi_2/gen1_d3_split_1[None, 24, 24, 512]
2023-11-02 20:30:02,503:tensorflow_utils:generator_dwi_2/d3_split_2[None, 24, 24, 512]
2023-11-02 20:30:02,579:tensorflow_utils:generator_dwi_2/gen1_d4_deconv2d/BiasAdd[None, 48, 48, 256]
2023-11-02 20:30:02,580:tensorflow_utils:generator_dwi_2/gen1_d4_split[None, 48, 48, 256]
2023-11-02 20:30:02,765:tensorflow_utils:generator_dwi_2/gen1_d4_conv2d_11/BiasAdd[None, 384, 384, 3]
2023-11-02 20:30:02,768:tensorflow_utils:generator_dwi_2/gen1_d5_deconv2d/BiasAdd[None, 96, 96, 128]
2023-11-02 20:30:02,769:tensorflow_utils:generator_dwi_2/gen1_d5_split[None, 96, 96, 128]
2023-11-02 20:30:02,844:tensorflow_utils:generator_dwi_2/gen1_d6_deconv2d/BiasAdd[None, 192, 192, 64]
2023-11-02 20:30:02,868:tensorflow_utils:generator_dwi_2/gen1_d7_deconv2d/BiasAdd[None, 384, 384, 3]
2023-11-02 20:30:02,869:tensorflow_utils:x1_test_tfph[None, 384, 384, 3]
2023-11-02 20:30:02,870:tensorflow_utils:generator_first_2/gen1_e0_conv2d/BiasAdd[None, 192, 192, 64]
2023-11-02 20:30:02,923:tensorflow_utils:generator_first_2/gen1_e1_conv2d/BiasAdd[None, 96, 96, 128]
2023-11-02 20:30:02,996:tensorflow_utils:generator_first_2/gen1_e2_conv2d/BiasAdd[None, 48, 48, 256]
2023-11-02 20:30:03,070:tensorflow_utils:generator_first_2/gen1_e3_conv2d/BiasAdd[None, 24, 24, 512]
2023-11-02 20:30:03,143:tensorflow_utils:generator_first_2/gen1_e4_conv2d/BiasAdd[None, 12, 12, 512]
2023-11-02 20:30:03,219:tensorflow_utils:generator_first_2/gen1_e5_conv2d/BiasAdd[None, 6, 6, 512]
2023-11-02 20:30:03,293:tensorflow_utils:generator_first_2/gen1_e6_conv2d/BiasAdd[None, 3, 3, 512]
2023-11-02 20:30:03,367:tensorflow_utils:generator_first_2/gen1_d1_deconv2d/BiasAdd[None, 6, 6, 512]
2023-11-02 20:30:03,368:tensorflow_utils:generator_first_2/gen1_d1_split[None, 6, 6, 512]
2023-11-02 20:30:03,449:tensorflow_utils:generator_first_2/gen1_d2_deconv2d/BiasAdd[None, 12, 12, 512]
2023-11-02 20:30:03,451:tensorflow_utils:generator_first_2/gen1_d2_split[None, 12, 12, 512]
2023-11-02 20:30:03,531:tensorflow_utils:generator_first_2/gen1_d3_conv2d_11/BiasAdd[None, 384, 384, 3]
2023-11-02 20:30:03,533:tensorflow_utils:generator_first_2/gen1_d3_deconv2d/BiasAdd[None, 24, 24, 512]
2023-11-02 20:30:03,534:tensorflow_utils:generator_first_2/gen1_d3_split_1[None, 24, 24, 512]
2023-11-02 20:30:03,535:tensorflow_utils:generator_first_2/d3_split_2[None, 24, 24, 512]
2023-11-02 20:30:03,610:tensorflow_utils:generator_first_2/gen1_d4_deconv2d/BiasAdd[None, 48, 48, 256]
2023-11-02 20:30:03,611:tensorflow_utils:generator_first_2/gen1_d4_split[None, 48, 48, 256]
2023-11-02 20:30:03,686:tensorflow_utils:generator_first_2/gen1_d4_conv2d_11/BiasAdd[None, 384, 384, 3]
2023-11-02 20:30:03,688:tensorflow_utils:generator_first_2/gen1_d5_deconv2d/BiasAdd[None, 96, 96, 128]
2023-11-02 20:30:03,690:tensorflow_utils:generator_first_2/gen1_d5_split[None, 96, 96, 128]
2023-11-02 20:30:03,765:tensorflow_utils:generator_first_2/gen1_d6_deconv2d/BiasAdd[None, 192, 192, 64]
2023-11-02 20:30:03,789:tensorflow_utils:generator_first_2/gen1_d7_deconv2d/BiasAdd[None, 384, 384, 3]
2023-11-02 20:30:03,801:tensorflow_utils:gen_merge_2/gen1_d8_conv/BiasAdd[1, 384, 384, 3]
2023-11-02 20:30:03,803:tensorflow_utils:concat_3[None, 384, 384, 6]
2023-11-02 20:30:03,804:tensorflow_utils:generator_dwi_3/gen1_e0_conv2d/BiasAdd[None, 192, 192, 64]
2023-11-02 20:30:03,855:tensorflow_utils:generator_dwi_3/gen1_e1_conv2d/BiasAdd[None, 96, 96, 128]
2023-11-02 20:30:03,930:tensorflow_utils:generator_dwi_3/gen1_e2_conv2d/BiasAdd[None, 48, 48, 256]
2023-11-02 20:30:04,008:tensorflow_utils:generator_dwi_3/gen1_e3_conv2d/BiasAdd[None, 24, 24, 512]
2023-11-02 20:30:04,091:tensorflow_utils:generator_dwi_3/gen1_e4_conv2d/BiasAdd[None, 12, 12, 512]
2023-11-02 20:30:04,165:tensorflow_utils:generator_dwi_3/gen1_e5_conv2d/BiasAdd[None, 6, 6, 512]
2023-11-02 20:30:04,238:tensorflow_utils:generator_dwi_3/gen1_e6_conv2d/BiasAdd[None, 3, 3, 512]
2023-11-02 20:30:04,312:tensorflow_utils:generator_dwi_3/gen1_d1_deconv2d/BiasAdd[None, 6, 6, 512]
2023-11-02 20:30:04,313:tensorflow_utils:generator_dwi_3/gen1_d1_split[None, 6, 6, 512]
2023-11-02 20:30:04,392:tensorflow_utils:generator_dwi_3/gen1_d2_deconv2d/BiasAdd[None, 12, 12, 512]
2023-11-02 20:30:04,393:tensorflow_utils:generator_dwi_3/gen1_d2_split[None, 12, 12, 512]
2023-11-02 20:30:04,473:tensorflow_utils:generator_dwi_3/gen1_d3_conv2d_11/BiasAdd[None, 384, 384, 3]
2023-11-02 20:30:04,475:tensorflow_utils:generator_dwi_3/gen1_d3_deconv2d/BiasAdd[None, 24, 24, 512]
2023-11-02 20:30:04,476:tensorflow_utils:generator_dwi_3/gen1_d3_split_1[None, 24, 24, 512]
2023-11-02 20:30:04,478:tensorflow_utils:generator_dwi_3/d3_split_2[None, 24, 24, 512]
2023-11-02 20:30:04,554:tensorflow_utils:generator_dwi_3/gen1_d4_deconv2d/BiasAdd[None, 48, 48, 256]
2023-11-02 20:30:04,556:tensorflow_utils:generator_dwi_3/gen1_d4_split[None, 48, 48, 256]
2023-11-02 20:30:04,631:tensorflow_utils:generator_dwi_3/gen1_d4_conv2d_11/BiasAdd[None, 384, 384, 3]
2023-11-02 20:30:04,634:tensorflow_utils:generator_dwi_3/gen1_d5_deconv2d/BiasAdd[None, 96, 96, 128]
2023-11-02 20:30:04,635:tensorflow_utils:generator_dwi_3/gen1_d5_split[None, 96, 96, 128]
2023-11-02 20:30:04,710:tensorflow_utils:generator_dwi_3/gen1_d6_deconv2d/BiasAdd[None, 192, 192, 64]
2023-11-02 20:30:04,734:tensorflow_utils:generator_dwi_3/gen1_d7_deconv2d/BiasAdd[None, 384, 384, 3]
2023-11-02 20:30:04,736:tensorflow_utils:x1_test_tfph[None, 384, 384, 3]
2023-11-02 20:30:04,737:tensorflow_utils:generator_first_3/gen1_e0_conv2d/BiasAdd[None, 192, 192, 64]
2023-11-02 20:30:04,790:tensorflow_utils:generator_first_3/gen1_e1_conv2d/BiasAdd[None, 96, 96, 128]
2023-11-02 20:30:04,865:tensorflow_utils:generator_first_3/gen1_e2_conv2d/BiasAdd[None, 48, 48, 256]
2023-11-02 20:30:04,939:tensorflow_utils:generator_first_3/gen1_e3_conv2d/BiasAdd[None, 24, 24, 512]
2023-11-02 20:30:05,012:tensorflow_utils:generator_first_3/gen1_e4_conv2d/BiasAdd[None, 12, 12, 512]
2023-11-02 20:30:05,085:tensorflow_utils:generator_first_3/gen1_e5_conv2d/BiasAdd[None, 6, 6, 512]
2023-11-02 20:30:05,159:tensorflow_utils:generator_first_3/gen1_e6_conv2d/BiasAdd[None, 3, 3, 512]
2023-11-02 20:30:05,236:tensorflow_utils:generator_first_3/gen1_d1_deconv2d/BiasAdd[None, 6, 6, 512]
2023-11-02 20:30:05,238:tensorflow_utils:generator_first_3/gen1_d1_split[None, 6, 6, 512]
2023-11-02 20:30:05,320:tensorflow_utils:generator_first_3/gen1_d2_deconv2d/BiasAdd[None, 12, 12, 512]
2023-11-02 20:30:05,321:tensorflow_utils:generator_first_3/gen1_d2_split[None, 12, 12, 512]
2023-11-02 20:30:05,400:tensorflow_utils:generator_first_3/gen1_d3_conv2d_11/BiasAdd[None, 384, 384, 3]
2023-11-02 20:30:05,402:tensorflow_utils:generator_first_3/gen1_d3_deconv2d/BiasAdd[None, 24, 24, 512]
2023-11-02 20:30:05,404:tensorflow_utils:generator_first_3/gen1_d3_split_1[None, 24, 24, 512]
2023-11-02 20:30:05,405:tensorflow_utils:generator_first_3/d3_split_2[None, 24, 24, 512]
2023-11-02 20:30:05,479:tensorflow_utils:generator_first_3/gen1_d4_deconv2d/BiasAdd[None, 48, 48, 256]
2023-11-02 20:30:05,481:tensorflow_utils:generator_first_3/gen1_d4_split[None, 48, 48, 256]
2023-11-02 20:30:05,557:tensorflow_utils:generator_first_3/gen1_d4_conv2d_11/BiasAdd[None, 384, 384, 3]
2023-11-02 20:30:05,560:tensorflow_utils:generator_first_3/gen1_d5_deconv2d/BiasAdd[None, 96, 96, 128]
2023-11-02 20:30:05,561:tensorflow_utils:generator_first_3/gen1_d5_split[None, 96, 96, 128]
2023-11-02 20:30:05,636:tensorflow_utils:generator_first_3/gen1_d6_deconv2d/BiasAdd[None, 192, 192, 64]
2023-11-02 20:30:05,660:tensorflow_utils:generator_first_3/gen1_d7_deconv2d/BiasAdd[None, 384, 384, 3]
2023-11-02 20:30:05,672:tensorflow_utils:gen_merge_3/gen1_d8_conv/BiasAdd[1, 384, 384, 3]
2023-11-02 20:30:05,674:tensorflow_utils:concat_4[None, 384, 384, 6]
2023-11-02 20:30:05,675:tensorflow_utils:generator_dwi_4/gen1_e0_conv2d/BiasAdd[None, 192, 192, 64]
2023-11-02 20:30:05,857:tensorflow_utils:generator_dwi_4/gen1_e1_conv2d/BiasAdd[None, 96, 96, 128]
2023-11-02 20:30:05,931:tensorflow_utils:generator_dwi_4/gen1_e2_conv2d/BiasAdd[None, 48, 48, 256]
2023-11-02 20:30:06,004:tensorflow_utils:generator_dwi_4/gen1_e3_conv2d/BiasAdd[None, 24, 24, 512]
2023-11-02 20:30:06,079:tensorflow_utils:generator_dwi_4/gen1_e4_conv2d/BiasAdd[None, 12, 12, 512]
2023-11-02 20:30:06,151:tensorflow_utils:generator_dwi_4/gen1_e5_conv2d/BiasAdd[None, 6, 6, 512]
2023-11-02 20:30:06,224:tensorflow_utils:generator_dwi_4/gen1_e6_conv2d/BiasAdd[None, 3, 3, 512]
2023-11-02 20:30:06,299:tensorflow_utils:generator_dwi_4/gen1_d1_deconv2d/BiasAdd[None, 6, 6, 512]
2023-11-02 20:30:06,300:tensorflow_utils:generator_dwi_4/gen1_d1_split[None, 6, 6, 512]
2023-11-02 20:30:06,379:tensorflow_utils:generator_dwi_4/gen1_d2_deconv2d/BiasAdd[None, 12, 12, 512]
2023-11-02 20:30:06,380:tensorflow_utils:generator_dwi_4/gen1_d2_split[None, 12, 12, 512]
2023-11-02 20:30:06,458:tensorflow_utils:generator_dwi_4/gen1_d3_conv2d_11/BiasAdd[None, 384, 384, 3]
2023-11-02 20:30:06,461:tensorflow_utils:generator_dwi_4/gen1_d3_deconv2d/BiasAdd[None, 24, 24, 512]
2023-11-02 20:30:06,462:tensorflow_utils:generator_dwi_4/gen1_d3_split_1[None, 24, 24, 512]
2023-11-02 20:30:06,463:tensorflow_utils:generator_dwi_4/d3_split_2[None, 24, 24, 512]
2023-11-02 20:30:06,545:tensorflow_utils:generator_dwi_4/gen1_d4_deconv2d/BiasAdd[None, 48, 48, 256]
2023-11-02 20:30:06,546:tensorflow_utils:generator_dwi_4/gen1_d4_split[None, 48, 48, 256]
2023-11-02 20:30:06,634:tensorflow_utils:generator_dwi_4/gen1_d4_conv2d_11/BiasAdd[None, 384, 384, 3]
2023-11-02 20:30:06,637:tensorflow_utils:generator_dwi_4/gen1_d5_deconv2d/BiasAdd[None, 96, 96, 128]
2023-11-02 20:30:06,638:tensorflow_utils:generator_dwi_4/gen1_d5_split[None, 96, 96, 128]
2023-11-02 20:30:06,714:tensorflow_utils:generator_dwi_4/gen1_d6_deconv2d/BiasAdd[None, 192, 192, 64]
2023-11-02 20:30:06,739:tensorflow_utils:generator_dwi_4/gen1_d7_deconv2d/BiasAdd[None, 384, 384, 3]
2023-11-02 20:30:06,741:tensorflow_utils:x1_test_tfph[None, 384, 384, 3]
2023-11-02 20:30:06,742:tensorflow_utils:generator_first_4/gen1_e0_conv2d/BiasAdd[None, 192, 192, 64]
2023-11-02 20:30:06,796:tensorflow_utils:generator_first_4/gen1_e1_conv2d/BiasAdd[None, 96, 96, 128]
2023-11-02 20:30:06,871:tensorflow_utils:generator_first_4/gen1_e2_conv2d/BiasAdd[None, 48, 48, 256]
2023-11-02 20:30:06,946:tensorflow_utils:generator_first_4/gen1_e3_conv2d/BiasAdd[None, 24, 24, 512]
2023-11-02 20:30:07,019:tensorflow_utils:generator_first_4/gen1_e4_conv2d/BiasAdd[None, 12, 12, 512]
2023-11-02 20:30:07,093:tensorflow_utils:generator_first_4/gen1_e5_conv2d/BiasAdd[None, 6, 6, 512]
2023-11-02 20:30:07,167:tensorflow_utils:generator_first_4/gen1_e6_conv2d/BiasAdd[None, 3, 3, 512]
2023-11-02 20:30:07,242:tensorflow_utils:generator_first_4/gen1_d1_deconv2d/BiasAdd[None, 6, 6, 512]
2023-11-02 20:30:07,243:tensorflow_utils:generator_first_4/gen1_d1_split[None, 6, 6, 512]
2023-11-02 20:30:07,322:tensorflow_utils:generator_first_4/gen1_d2_deconv2d/BiasAdd[None, 12, 12, 512]
2023-11-02 20:30:07,324:tensorflow_utils:generator_first_4/gen1_d2_split[None, 12, 12, 512]
2023-11-02 20:30:07,403:tensorflow_utils:generator_first_4/gen1_d3_conv2d_11/BiasAdd[None, 384, 384, 3]
2023-11-02 20:30:07,405:tensorflow_utils:generator_first_4/gen1_d3_deconv2d/BiasAdd[None, 24, 24, 512]
2023-11-02 20:30:07,406:tensorflow_utils:generator_first_4/gen1_d3_split_1[None, 24, 24, 512]
2023-11-02 20:30:07,407:tensorflow_utils:generator_first_4/d3_split_2[None, 24, 24, 512]
2023-11-02 20:30:07,483:tensorflow_utils:generator_first_4/gen1_d4_deconv2d/BiasAdd[None, 48, 48, 256]
2023-11-02 20:30:07,484:tensorflow_utils:generator_first_4/gen1_d4_split[None, 48, 48, 256]
2023-11-02 20:30:07,560:tensorflow_utils:generator_first_4/gen1_d4_conv2d_11/BiasAdd[None, 384, 384, 3]
2023-11-02 20:30:07,563:tensorflow_utils:generator_first_4/gen1_d5_deconv2d/BiasAdd[None, 96, 96, 128]
2023-11-02 20:30:07,564:tensorflow_utils:generator_first_4/gen1_d5_split[None, 96, 96, 128]
2023-11-02 20:30:07,640:tensorflow_utils:generator_first_4/gen1_d6_deconv2d/BiasAdd[None, 192, 192, 64]
2023-11-02 20:30:07,665:tensorflow_utils:generator_first_4/gen1_d7_deconv2d/BiasAdd[None, 384, 384, 3]
2023-11-02 20:30:07,677:tensorflow_utils:gen_merge_4/gen1_d8_conv/BiasAdd[1, 384, 384, 3]
2023-11-02 20:30:07,679:tensorflow_utils:concat_5[None, 384, 384, 6]
2023-11-02 20:30:07,680:tensorflow_utils:generator_dwi_5/gen1_e0_conv2d/BiasAdd[None, 192, 192, 64]
2023-11-02 20:30:07,735:tensorflow_utils:generator_dwi_5/gen1_e1_conv2d/BiasAdd[None, 96, 96, 128]
2023-11-02 20:30:07,811:tensorflow_utils:generator_dwi_5/gen1_e2_conv2d/BiasAdd[None, 48, 48, 256]
2023-11-02 20:30:07,887:tensorflow_utils:generator_dwi_5/gen1_e3_conv2d/BiasAdd[None, 24, 24, 512]
2023-11-02 20:30:07,961:tensorflow_utils:generator_dwi_5/gen1_e4_conv2d/BiasAdd[None, 12, 12, 512]
2023-11-02 20:30:08,034:tensorflow_utils:generator_dwi_5/gen1_e5_conv2d/BiasAdd[None, 6, 6, 512]
2023-11-02 20:30:08,107:tensorflow_utils:generator_dwi_5/gen1_e6_conv2d/BiasAdd[None, 3, 3, 512]
2023-11-02 20:30:08,181:tensorflow_utils:generator_dwi_5/gen1_d1_deconv2d/BiasAdd[None, 6, 6, 512]
2023-11-02 20:30:08,182:tensorflow_utils:generator_dwi_5/gen1_d1_split[None, 6, 6, 512]
2023-11-02 20:30:08,262:tensorflow_utils:generator_dwi_5/gen1_d2_deconv2d/BiasAdd[None, 12, 12, 512]
2023-11-02 20:30:08,263:tensorflow_utils:generator_dwi_5/gen1_d2_split[None, 12, 12, 512]
2023-11-02 20:30:08,344:tensorflow_utils:generator_dwi_5/gen1_d3_conv2d_11/BiasAdd[None, 384, 384, 3]
2023-11-02 20:30:08,347:tensorflow_utils:generator_dwi_5/gen1_d3_deconv2d/BiasAdd[None, 24, 24, 512]
2023-11-02 20:30:08,348:tensorflow_utils:generator_dwi_5/gen1_d3_split_1[None, 24, 24, 512]
2023-11-02 20:30:08,349:tensorflow_utils:generator_dwi_5/d3_split_2[None, 24, 24, 512]
2023-11-02 20:30:08,423:tensorflow_utils:generator_dwi_5/gen1_d4_deconv2d/BiasAdd[None, 48, 48, 256]
2023-11-02 20:30:08,425:tensorflow_utils:generator_dwi_5/gen1_d4_split[None, 48, 48, 256]
2023-11-02 20:30:08,499:tensorflow_utils:generator_dwi_5/gen1_d4_conv2d_11/BiasAdd[None, 384, 384, 3]
2023-11-02 20:30:08,502:tensorflow_utils:generator_dwi_5/gen1_d5_deconv2d/BiasAdd[None, 96, 96, 128]
2023-11-02 20:30:08,503:tensorflow_utils:generator_dwi_5/gen1_d5_split[None, 96, 96, 128]
2023-11-02 20:30:08,578:tensorflow_utils:generator_dwi_5/gen1_d6_deconv2d/BiasAdd[None, 192, 192, 64]
2023-11-02 20:30:08,602:tensorflow_utils:generator_dwi_5/gen1_d7_deconv2d/BiasAdd[None, 384, 384, 3]
2023-11-02 20:30:08,603:tensorflow_utils:x1_test_tfph[None, 384, 384, 3]
2023-11-02 20:30:08,605:tensorflow_utils:generator_first_5/gen1_e0_conv2d/BiasAdd[None, 192, 192, 64]
2023-11-02 20:30:08,658:tensorflow_utils:generator_first_5/gen1_e1_conv2d/BiasAdd[None, 96, 96, 128]
2023-11-02 20:30:08,731:tensorflow_utils:generator_first_5/gen1_e2_conv2d/BiasAdd[None, 48, 48, 256]
2023-11-02 20:30:08,805:tensorflow_utils:generator_first_5/gen1_e3_conv2d/BiasAdd[None, 24, 24, 512]
2023-11-02 20:30:08,879:tensorflow_utils:generator_first_5/gen1_e4_conv2d/BiasAdd[None, 12, 12, 512]
2023-11-02 20:30:08,952:tensorflow_utils:generator_first_5/gen1_e5_conv2d/BiasAdd[None, 6, 6, 512]
2023-11-02 20:30:09,025:tensorflow_utils:generator_first_5/gen1_e6_conv2d/BiasAdd[None, 3, 3, 512]
2023-11-02 20:30:09,098:tensorflow_utils:generator_first_5/gen1_d1_deconv2d/BiasAdd[None, 6, 6, 512]
2023-11-02 20:30:09,100:tensorflow_utils:generator_first_5/gen1_d1_split[None, 6, 6, 512]
2023-11-02 20:30:09,179:tensorflow_utils:generator_first_5/gen1_d2_deconv2d/BiasAdd[None, 12, 12, 512]
2023-11-02 20:30:09,180:tensorflow_utils:generator_first_5/gen1_d2_split[None, 12, 12, 512]
2023-11-02 20:30:09,260:tensorflow_utils:generator_first_5/gen1_d3_conv2d_11/BiasAdd[None, 384, 384, 3]
2023-11-02 20:30:09,262:tensorflow_utils:generator_first_5/gen1_d3_deconv2d/BiasAdd[None, 24, 24, 512]
2023-11-02 20:30:09,263:tensorflow_utils:generator_first_5/gen1_d3_split_1[None, 24, 24, 512]
2023-11-02 20:30:09,264:tensorflow_utils:generator_first_5/d3_split_2[None, 24, 24, 512]
2023-11-02 20:30:09,339:tensorflow_utils:generator_first_5/gen1_d4_deconv2d/BiasAdd[None, 48, 48, 256]
2023-11-02 20:30:09,340:tensorflow_utils:generator_first_5/gen1_d4_split[None, 48, 48, 256]
2023-11-02 20:30:09,415:tensorflow_utils:generator_first_5/gen1_d4_conv2d_11/BiasAdd[None, 384, 384, 3]
2023-11-02 20:30:09,417:tensorflow_utils:generator_first_5/gen1_d5_deconv2d/BiasAdd[None, 96, 96, 128]
2023-11-02 20:30:09,418:tensorflow_utils:generator_first_5/gen1_d5_split[None, 96, 96, 128]
2023-11-02 20:30:09,492:tensorflow_utils:generator_first_5/gen1_d6_deconv2d/BiasAdd[None, 192, 192, 64]
2023-11-02 20:30:09,516:tensorflow_utils:generator_first_5/gen1_d7_deconv2d/BiasAdd[None, 384, 384, 3]
2023-11-02 20:30:09,528:tensorflow_utils:gen_merge_5/gen1_d8_conv/BiasAdd[1, 384, 384, 3]
2023-11-02 20:30:12,688:tensorflow_utils:[ 0] generator_dwi/gen1_e0_conv2d/w:0 (3, 3, 6, 64) = 3456
2023-11-02 20:30:12,688:tensorflow_utils:[ 1] generator_dwi/gen1_e0_conv2d/biases:0 (64,) = 64
2023-11-02 20:30:12,688:tensorflow_utils:[ 2] generator_dwi/gen1_e0_cbam/ch_at/mlp_0/kernel:0 (64, 8) = 512
2023-11-02 20:30:12,688:tensorflow_utils:[ 3] generator_dwi/gen1_e0_cbam/ch_at/mlp_0/bias:0 (8,) = 8
2023-11-02 20:30:12,688:tensorflow_utils:[ 4] generator_dwi/gen1_e0_cbam/ch_at/mlp_1/kernel:0 (8, 64) = 512
2023-11-02 20:30:12,688:tensorflow_utils:[ 5] generator_dwi/gen1_e0_cbam/ch_at/mlp_1/bias:0 (64,) = 64
2023-11-02 20:30:12,688:tensorflow_utils:[ 6] generator_dwi/gen1_e0_cbam/sp_at/conv/kernel:0 (7, 7, 2, 1) = 98
2023-11-02 20:30:12,688:tensorflow_utils:[ 7] generator_dwi/gen1_e1_conv2d/w:0 (3, 3, 64, 128) = 73728
2023-11-02 20:30:12,688:tensorflow_utils:[ 8] generator_dwi/gen1_e1_conv2d/biases:0 (128,) = 128
2023-11-02 20:30:12,688:tensorflow_utils:[ 9] generator_dwi/gen1_e1_batchnorm/beta:0 (128,) = 128
2023-11-02 20:30:12,688:tensorflow_utils:[10] generator_dwi/gen1_e1_batchnorm/gamma:0 (128,) = 128
2023-11-02 20:30:12,689:tensorflow_utils:[11] generator_dwi/gen1_e1_cbam/ch_at/mlp_0/kernel:0 (128, 16) = 2048
2023-11-02 20:30:12,689:tensorflow_utils:[12] generator_dwi/gen1_e1_cbam/ch_at/mlp_0/bias:0 (16,) = 16
2023-11-02 20:30:12,689:tensorflow_utils:[13] generator_dwi/gen1_e1_cbam/ch_at/mlp_1/kernel:0 (16, 128) = 2048
2023-11-02 20:30:12,689:tensorflow_utils:[14] generator_dwi/gen1_e1_cbam/ch_at/mlp_1/bias:0 (128,) = 128
2023-11-02 20:30:12,689:tensorflow_utils:[15] generator_dwi/gen1_e1_cbam/sp_at/conv/kernel:0 (7, 7, 2, 1) = 98
2023-11-02 20:30:12,689:tensorflow_utils:[16] generator_dwi/gen1_e2_conv2d/w:0 (3, 3, 128, 256) = 294912
2023-11-02 20:30:12,689:tensorflow_utils:[17] generator_dwi/gen1_e2_conv2d/biases:0 (256,) = 256
2023-11-02 20:30:12,689:tensorflow_utils:[18] generator_dwi/gen1_e2_batchnorm/beta:0 (256,) = 256
2023-11-02 20:30:12,689:tensorflow_utils:[19] generator_dwi/gen1_e2_batchnorm/gamma:0 (256,) = 256
2023-11-02 20:30:12,689:tensorflow_utils:[20] generator_dwi/gen1_e2_cbam/ch_at/mlp_0/kernel:0 (256, 32) = 8192
2023-11-02 20:30:12,689:tensorflow_utils:[21] generator_dwi/gen1_e2_cbam/ch_at/mlp_0/bias:0 (32,) = 32
2023-11-02 20:30:12,690:tensorflow_utils:[22] generator_dwi/gen1_e2_cbam/ch_at/mlp_1/kernel:0 (32, 256) = 8192
2023-11-02 20:30:12,690:tensorflow_utils:[23] generator_dwi/gen1_e2_cbam/ch_at/mlp_1/bias:0 (256,) = 256
2023-11-02 20:30:12,690:tensorflow_utils:[24] generator_dwi/gen1_e2_cbam/sp_at/conv/kernel:0 (7, 7, 2, 1) = 98
2023-11-02 20:30:12,690:tensorflow_utils:[25] generator_dwi/gen1_e3_conv2d/w:0 (3, 3, 256, 512) = 1179648
2023-11-02 20:30:12,690:tensorflow_utils:[26] generator_dwi/gen1_e3_conv2d/biases:0 (512,) = 512
2023-11-02 20:30:12,690:tensorflow_utils:[27] generator_dwi/gen1_e3_batchnorm/beta:0 (512,) = 512
2023-11-02 20:30:12,690:tensorflow_utils:[28] generator_dwi/gen1_e3_batchnorm/gamma:0 (512,) = 512
2023-11-02 20:30:12,690:tensorflow_utils:[29] generator_dwi/gen1_e3_cbam/ch_at/mlp_0/kernel:0 (512, 64) = 32768
2023-11-02 20:30:12,690:tensorflow_utils:[30] generator_dwi/gen1_e3_cbam/ch_at/mlp_0/bias:0 (64,) = 64
2023-11-02 20:30:12,690:tensorflow_utils:[31] generator_dwi/gen1_e3_cbam/ch_at/mlp_1/kernel:0 (64, 512) = 32768
2023-11-02 20:30:12,690:tensorflow_utils:[32] generator_dwi/gen1_e3_cbam/ch_at/mlp_1/bias:0 (512,) = 512
2023-11-02 20:30:12,690:tensorflow_utils:[33] generator_dwi/gen1_e3_cbam/sp_at/conv/kernel:0 (7, 7, 2, 1) = 98
2023-11-02 20:30:12,691:tensorflow_utils:[34] generator_dwi/gen1_e4_conv2d/w:0 (3, 3, 512, 512) = 2359296
2023-11-02 20:30:12,691:tensorflow_utils:[35] generator_dwi/gen1_e4_conv2d/biases:0 (512,) = 512
2023-11-02 20:30:12,691:tensorflow_utils:[36] generator_dwi/gen1_e4_batchnorm/beta:0 (512,) = 512
2023-11-02 20:30:12,691:tensorflow_utils:[37] generator_dwi/gen1_e4_batchnorm/gamma:0 (512,) = 512
2023-11-02 20:30:12,691:tensorflow_utils:[38] generator_dwi/gen1_e4_cbam/ch_at/mlp_0/kernel:0 (512, 64) = 32768
2023-11-02 20:30:12,691:tensorflow_utils:[39] generator_dwi/gen1_e4_cbam/ch_at/mlp_0/bias:0 (64,) = 64
2023-11-02 20:30:12,693:tensorflow_utils:[40] generator_dwi/gen1_e4_cbam/ch_at/mlp_1/kernel:0 (64, 512) = 32768
2023-11-02 20:30:12,693:tensorflow_utils:[41] generator_dwi/gen1_e4_cbam/ch_at/mlp_1/bias:0 (512,) = 512
2023-11-02 20:30:12,693:tensorflow_utils:[42] generator_dwi/gen1_e4_cbam/sp_at/conv/kernel:0 (7, 7, 2, 1) = 98
2023-11-02 20:30:12,693:tensorflow_utils:[43] generator_dwi/gen1_e5_conv2d/w:0 (3, 3, 512, 512) = 2359296
2023-11-02 20:30:12,694:tensorflow_utils:[44] generator_dwi/gen1_e5_conv2d/biases:0 (512,) = 512
2023-11-02 20:30:12,694:tensorflow_utils:[45] generator_dwi/gen1_e5_batchnorm/beta:0 (512,) = 512
2023-11-02 20:30:12,694:tensorflow_utils:[46] generator_dwi/gen1_e5_batchnorm/gamma:0 (512,) = 512
2023-11-02 20:30:12,694:tensorflow_utils:[47] generator_dwi/gen1_e5_cbam/ch_at/mlp_0/kernel:0 (512, 64) = 32768
2023-11-02 20:30:12,694:tensorflow_utils:[48] generator_dwi/gen1_e5_cbam/ch_at/mlp_0/bias:0 (64,) = 64
2023-11-02 20:30:12,694:tensorflow_utils:[49] generator_dwi/gen1_e5_cbam/ch_at/mlp_1/kernel:0 (64, 512) = 32768
2023-11-02 20:30:12,694:tensorflow_utils:[50] generator_dwi/gen1_e5_cbam/ch_at/mlp_1/bias:0 (512,) = 512
2023-11-02 20:30:12,694:tensorflow_utils:[51] generator_dwi/gen1_e5_cbam/sp_at/conv/kernel:0 (7, 7, 2, 1) = 98
2023-11-02 20:30:12,694:tensorflow_utils:[52] generator_dwi/gen1_e6_conv2d/w:0 (3, 3, 512, 512) = 2359296
2023-11-02 20:30:12,694:tensorflow_utils:[53] generator_dwi/gen1_e6_conv2d/biases:0 (512,) = 512
2023-11-02 20:30:12,694:tensorflow_utils:[54] generator_dwi/gen1_e6_batchnorm/beta:0 (512,) = 512
2023-11-02 20:30:12,695:tensorflow_utils:[55] generator_dwi/gen1_e6_batchnorm/gamma:0 (512,) = 512
2023-11-02 20:30:12,695:tensorflow_utils:[56] generator_dwi/gen1_e6_cbam/ch_at/mlp_0/kernel:0 (512, 64) = 32768
2023-11-02 20:30:12,695:tensorflow_utils:[57] generator_dwi/gen1_e6_cbam/ch_at/mlp_0/bias:0 (64,) = 64
2023-11-02 20:30:12,695:tensorflow_utils:[58] generator_dwi/gen1_e6_cbam/ch_at/mlp_1/kernel:0 (64, 512) = 32768
2023-11-02 20:30:12,695:tensorflow_utils:[59] generator_dwi/gen1_e6_cbam/ch_at/mlp_1/bias:0 (512,) = 512
2023-11-02 20:30:12,695:tensorflow_utils:[60] generator_dwi/gen1_e6_cbam/sp_at/conv/kernel:0 (7, 7, 2, 1) = 98
2023-11-02 20:30:12,695:tensorflow_utils:[61] generator_dwi/gen1_d1_deconv2d/w:0 (3, 3, 512, 512) = 2359296
2023-11-02 20:30:12,695:tensorflow_utils:[62] generator_dwi/gen1_d1_deconv2d/biases:0 (512,) = 512
2023-11-02 20:30:12,695:tensorflow_utils:[63] generator_dwi/gen1_d1_batchnorm/beta:0 (512,) = 512
2023-11-02 20:30:12,695:tensorflow_utils:[64] generator_dwi/gen1_d1_batchnorm/gamma:0 (512,) = 512
2023-11-02 20:30:12,695:tensorflow_utils:[65] generator_dwi/gen1_d1_cbam/ch_at/mlp_0/kernel:0 (1024, 128) = 131072
2023-11-02 20:30:12,695:tensorflow_utils:[66] generator_dwi/gen1_d1_cbam/ch_at/mlp_0/bias:0 (128,) = 128
2023-11-02 20:30:12,696:tensorflow_utils:[67] generator_dwi/gen1_d1_cbam/ch_at/mlp_1/kernel:0 (128, 1024) = 131072
2023-11-02 20:30:12,696:tensorflow_utils:[68] generator_dwi/gen1_d1_cbam/ch_at/mlp_1/bias:0 (1024,) = 1024
2023-11-02 20:30:12,696:tensorflow_utils:[69] generator_dwi/gen1_d1_cbam/sp_at/conv/kernel:0 (7, 7, 2, 1) = 98
2023-11-02 20:30:12,696:tensorflow_utils:[70] generator_dwi/gen1_d2_deconv2d/w:0 (3, 3, 1024, 512) = 4718592
2023-11-02 20:30:12,696:tensorflow_utils:[71] generator_dwi/gen1_d2_deconv2d/biases:0 (512,) = 512
2023-11-02 20:30:12,696:tensorflow_utils:[72] generator_dwi/gen1_d2_batchnorm/beta:0 (512,) = 512
2023-11-02 20:30:12,696:tensorflow_utils:[73] generator_dwi/gen1_d2_batchnorm/gamma:0 (512,) = 512
2023-11-02 20:30:12,696:tensorflow_utils:[74] generator_dwi/gen1_d2_cbam/ch_at/mlp_0/kernel:0 (1024, 128) = 131072
2023-11-02 20:30:12,696:tensorflow_utils:[75] generator_dwi/gen1_d2_cbam/ch_at/mlp_0/bias:0 (128,) = 128
2023-11-02 20:30:12,696:tensorflow_utils:[76] generator_dwi/gen1_d2_cbam/ch_at/mlp_1/kernel:0 (128, 1024) = 131072
2023-11-02 20:30:12,696:tensorflow_utils:[77] generator_dwi/gen1_d2_cbam/ch_at/mlp_1/bias:0 (1024,) = 1024
2023-11-02 20:30:12,696:tensorflow_utils:[78] generator_dwi/gen1_d2_cbam/sp_at/conv/kernel:0 (7, 7, 2, 1) = 98
2023-11-02 20:30:12,708:tensorflow_utils:[79] generator_dwi/gen1_d3_conv2d_11/w:0 (3, 3, 1024, 3) = 27648
2023-11-02 20:30:12,708:tensorflow_utils:[80] generator_dwi/gen1_d3_conv2d_11/biases:0 (3,) = 3
2023-11-02 20:30:12,708:tensorflow_utils:[81] generator_dwi/gen1_d3_deconv2d/w:0 (3, 3, 1024, 512) = 4718592
2023-11-02 20:30:12,708:tensorflow_utils:[82] generator_dwi/gen1_d3_deconv2d/biases:0 (512,) = 512
2023-11-02 20:30:12,709:tensorflow_utils:[83] generator_dwi/gen1_d3_batchnorm/beta:0 (512,) = 512
2023-11-02 20:30:12,709:tensorflow_utils:[84] generator_dwi/gen1_d3_batchnorm/gamma:0 (512,) = 512
2023-11-02 20:30:12,709:tensorflow_utils:[85] generator_dwi/gen1_d3_cbam/ch_at/mlp_0/kernel:0 (1024, 128) = 131072
2023-11-02 20:30:12,709:tensorflow_utils:[86] generator_dwi/gen1_d3_cbam/ch_at/mlp_0/bias:0 (128,) = 128
2023-11-02 20:30:12,709:tensorflow_utils:[87] generator_dwi/gen1_d3_cbam/ch_at/mlp_1/kernel:0 (128, 1024) = 131072
2023-11-02 20:30:12,709:tensorflow_utils:[88] generator_dwi/gen1_d3_cbam/ch_at/mlp_1/bias:0 (1024,) = 1024
2023-11-02 20:30:12,710:tensorflow_utils:[89] generator_dwi/gen1_d3_cbam/sp_at/conv/kernel:0 (7, 7, 2, 1) = 98
2023-11-02 20:30:12,710:tensorflow_utils:[90] generator_dwi/gen1_d4_deconv2d/w:0 (3, 3, 1024, 256) = 2359296
2023-11-02 20:30:12,710:tensorflow_utils:[91] generator_dwi/gen1_d4_deconv2d/biases:0 (256,) = 256
2023-11-02 20:30:12,710:tensorflow_utils:[92] generator_dwi/gen1_d4_batchnorm/beta:0 (256,) = 256
2023-11-02 20:30:12,710:tensorflow_utils:[93] generator_dwi/gen1_d4_batchnorm/gamma:0 (256,) = 256
2023-11-02 20:30:12,710:tensorflow_utils:[94] generator_dwi/gen1_d4_cbam/ch_at/mlp_0/kernel:0 (512, 64) = 32768
2023-11-02 20:30:12,711:tensorflow_utils:[95] generator_dwi/gen1_d4_cbam/ch_at/mlp_0/bias:0 (64,) = 64
2023-11-02 20:30:12,711:tensorflow_utils:[96] generator_dwi/gen1_d4_cbam/ch_at/mlp_1/kernel:0 (64, 512) = 32768
2023-11-02 20:30:12,711:tensorflow_utils:[97] generator_dwi/gen1_d4_cbam/ch_at/mlp_1/bias:0 (512,) = 512
2023-11-02 20:30:12,711:tensorflow_utils:[98] generator_dwi/gen1_d4_cbam/sp_at/conv/kernel:0 (7, 7, 2, 1) = 98
2023-11-02 20:30:12,711:tensorflow_utils:[99] generator_dwi/gen1_d4_conv2d_11/w:0 (3, 3, 512, 3) = 13824
2023-11-02 20:30:12,711:tensorflow_utils:[100] generator_dwi/gen1_d4_conv2d_11/biases:0 (3,) = 3
2023-11-02 20:30:12,712:tensorflow_utils:[101] generator_dwi/gen1_d5_deconv2d/w:0 (3, 3, 512, 128) = 589824
2023-11-02 20:30:12,712:tensorflow_utils:[102] generator_dwi/gen1_d5_deconv2d/biases:0 (128,) = 128
2023-11-02 20:30:12,712:tensorflow_utils:[103] generator_dwi/gen1_d5_batchnorm/beta:0 (128,) = 128
2023-11-02 20:30:12,712:tensorflow_utils:[104] generator_dwi/gen1_d5_batchnorm/gamma:0 (128,) = 128
2023-11-02 20:30:12,712:tensorflow_utils:[105] generator_dwi/gen1_d5_cbam/ch_at/mlp_0/kernel:0 (256, 32) = 8192
2023-11-02 20:30:12,712:tensorflow_utils:[106] generator_dwi/gen1_d5_cbam/ch_at/mlp_0/bias:0 (32,) = 32
2023-11-02 20:30:12,713:tensorflow_utils:[107] generator_dwi/gen1_d5_cbam/ch_at/mlp_1/kernel:0 (32, 256) = 8192
2023-11-02 20:30:12,713:tensorflow_utils:[108] generator_dwi/gen1_d5_cbam/ch_at/mlp_1/bias:0 (256,) = 256
2023-11-02 20:30:12,713:tensorflow_utils:[109] generator_dwi/gen1_d5_cbam/sp_at/conv/kernel:0 (7, 7, 2, 1) = 98
2023-11-02 20:30:12,713:tensorflow_utils:[110] generator_dwi/gen1_d6_deconv2d/w:0 (3, 3, 256, 64) = 147456
2023-11-02 20:30:12,713:tensorflow_utils:[111] generator_dwi/gen1_d6_deconv2d/biases:0 (64,) = 64
2023-11-02 20:30:12,713:tensorflow_utils:[112] generator_dwi/gen1_d6_batchnorm/beta:0 (64,) = 64
2023-11-02 20:30:12,714:tensorflow_utils:[113] generator_dwi/gen1_d6_batchnorm/gamma:0 (64,) = 64
2023-11-02 20:30:12,714:tensorflow_utils:[114] generator_dwi/gen1_d7_deconv2d/w:0 (3, 3, 128, 3) = 3456
2023-11-02 20:30:12,714:tensorflow_utils:[115] generator_dwi/gen1_d7_deconv2d/biases:0 (3,) = 3
2023-11-02 20:30:12,714:tensorflow_utils:[116] generator_first/gen1_e0_conv2d/w:0 (3, 3, 3, 64) = 1728
2023-11-02 20:30:12,714:tensorflow_utils:[117] generator_first/gen1_e0_conv2d/biases:0 (64,) = 64
2023-11-02 20:30:12,714:tensorflow_utils:[118] generator_first/gen1_e0_cbam/ch_at/mlp_0/kernel:0 (64, 8) = 512
2023-11-02 20:30:12,724:tensorflow_utils:[119] generator_first/gen1_e0_cbam/ch_at/mlp_0/bias:0 (8,) = 8
2023-11-02 20:30:12,724:tensorflow_utils:[120] generator_first/gen1_e0_cbam/ch_at/mlp_1/kernel:0 (8, 64) = 512
2023-11-02 20:30:12,724:tensorflow_utils:[121] generator_first/gen1_e0_cbam/ch_at/mlp_1/bias:0 (64,) = 64
2023-11-02 20:30:12,724:tensorflow_utils:[122] generator_first/gen1_e0_cbam/sp_at/conv/kernel:0 (7, 7, 2, 1) = 98
2023-11-02 20:30:12,724:tensorflow_utils:[123] generator_first/gen1_e1_conv2d/w:0 (3, 3, 64, 128) = 73728
2023-11-02 20:30:12,725:tensorflow_utils:[124] generator_first/gen1_e1_conv2d/biases:0 (128,) = 128
2023-11-02 20:30:12,725:tensorflow_utils:[125] generator_first/gen1_e1_batchnorm/beta:0 (128,) = 128
2023-11-02 20:30:12,725:tensorflow_utils:[126] generator_first/gen1_e1_batchnorm/gamma:0 (128,) = 128
2023-11-02 20:30:12,725:tensorflow_utils:[127] generator_first/gen1_e1_cbam/ch_at/mlp_0/kernel:0 (128, 16) = 2048
2023-11-02 20:30:12,725:tensorflow_utils:[128] generator_first/gen1_e1_cbam/ch_at/mlp_0/bias:0 (16,) = 16
2023-11-02 20:30:12,725:tensorflow_utils:[129] generator_first/gen1_e1_cbam/ch_at/mlp_1/kernel:0 (16, 128) = 2048
2023-11-02 20:30:12,726:tensorflow_utils:[130] generator_first/gen1_e1_cbam/ch_at/mlp_1/bias:0 (128,) = 128
2023-11-02 20:30:12,726:tensorflow_utils:[131] generator_first/gen1_e1_cbam/sp_at/conv/kernel:0 (7, 7, 2, 1) = 98
2023-11-02 20:30:12,726:tensorflow_utils:[132] generator_first/gen1_e2_conv2d/w:0 (3, 3, 128, 256) = 294912
2023-11-02 20:30:12,726:tensorflow_utils:[133] generator_first/gen1_e2_conv2d/biases:0 (256,) = 256
2023-11-02 20:30:12,726:tensorflow_utils:[134] generator_first/gen1_e2_batchnorm/beta:0 (256,) = 256
2023-11-02 20:30:12,726:tensorflow_utils:[135] generator_first/gen1_e2_batchnorm/gamma:0 (256,) = 256
2023-11-02 20:30:12,727:tensorflow_utils:[136] generator_first/gen1_e2_cbam/ch_at/mlp_0/kernel:0 (256, 32) = 8192
2023-11-02 20:30:12,727:tensorflow_utils:[137] generator_first/gen1_e2_cbam/ch_at/mlp_0/bias:0 (32,) = 32
2023-11-02 20:30:12,727:tensorflow_utils:[138] generator_first/gen1_e2_cbam/ch_at/mlp_1/kernel:0 (32, 256) = 8192
2023-11-02 20:30:12,727:tensorflow_utils:[139] generator_first/gen1_e2_cbam/ch_at/mlp_1/bias:0 (256,) = 256
2023-11-02 20:30:12,727:tensorflow_utils:[140] generator_first/gen1_e2_cbam/sp_at/conv/kernel:0 (7, 7, 2, 1) = 98
2023-11-02 20:30:12,727:tensorflow_utils:[141] generator_first/gen1_e3_conv2d/w:0 (3, 3, 256, 512) = 1179648
2023-11-02 20:30:12,728:tensorflow_utils:[142] generator_first/gen1_e3_conv2d/biases:0 (512,) = 512
2023-11-02 20:30:12,728:tensorflow_utils:[143] generator_first/gen1_e3_batchnorm/beta:0 (512,) = 512
2023-11-02 20:30:12,728:tensorflow_utils:[144] generator_first/gen1_e3_batchnorm/gamma:0 (512,) = 512
2023-11-02 20:30:12,728:tensorflow_utils:[145] generator_first/gen1_e3_cbam/ch_at/mlp_0/kernel:0 (512, 64) = 32768
2023-11-02 20:30:12,728:tensorflow_utils:[146] generator_first/gen1_e3_cbam/ch_at/mlp_0/bias:0 (64,) = 64
2023-11-02 20:30:12,728:tensorflow_utils:[147] generator_first/gen1_e3_cbam/ch_at/mlp_1/kernel:0 (64, 512) = 32768
2023-11-02 20:30:12,729:tensorflow_utils:[148] generator_first/gen1_e3_cbam/ch_at/mlp_1/bias:0 (512,) = 512
2023-11-02 20:30:12,729:tensorflow_utils:[149] generator_first/gen1_e3_cbam/sp_at/conv/kernel:0 (7, 7, 2, 1) = 98
2023-11-02 20:30:12,729:tensorflow_utils:[150] generator_first/gen1_e4_conv2d/w:0 (3, 3, 512, 512) = 2359296
2023-11-02 20:30:12,729:tensorflow_utils:[151] generator_first/gen1_e4_conv2d/biases:0 (512,) = 512
2023-11-02 20:30:12,729:tensorflow_utils:[152] generator_first/gen1_e4_batchnorm/beta:0 (512,) = 512
2023-11-02 20:30:12,729:tensorflow_utils:[153] generator_first/gen1_e4_batchnorm/gamma:0 (512,) = 512
2023-11-02 20:30:12,730:tensorflow_utils:[154] generator_first/gen1_e4_cbam/ch_at/mlp_0/kernel:0 (512, 64) = 32768
2023-11-02 20:30:12,730:tensorflow_utils:[155] generator_first/gen1_e4_cbam/ch_at/mlp_0/bias:0 (64,) = 64
2023-11-02 20:30:12,730:tensorflow_utils:[156] generator_first/gen1_e4_cbam/ch_at/mlp_1/kernel:0 (64, 512) = 32768
2023-11-02 20:30:12,740:tensorflow_utils:[157] generator_first/gen1_e4_cbam/ch_at/mlp_1/bias:0 (512,) = 512
2023-11-02 20:30:12,740:tensorflow_utils:[158] generator_first/gen1_e4_cbam/sp_at/conv/kernel:0 (7, 7, 2, 1) = 98
2023-11-02 20:30:12,740:tensorflow_utils:[159] generator_first/gen1_e5_conv2d/w:0 (3, 3, 512, 512) = 2359296
2023-11-02 20:30:12,740:tensorflow_utils:[160] generator_first/gen1_e5_conv2d/biases:0 (512,) = 512
2023-11-02 20:30:12,740:tensorflow_utils:[161] generator_first/gen1_e5_batchnorm/beta:0 (512,) = 512
2023-11-02 20:30:12,740:tensorflow_utils:[162] generator_first/gen1_e5_batchnorm/gamma:0 (512,) = 512
2023-11-02 20:30:12,740:tensorflow_utils:[163] generator_first/gen1_e5_cbam/ch_at/mlp_0/kernel:0 (512, 64) = 32768
2023-11-02 20:30:12,741:tensorflow_utils:[164] generator_first/gen1_e5_cbam/ch_at/mlp_0/bias:0 (64,) = 64
2023-11-02 20:30:12,741:tensorflow_utils:[165] generator_first/gen1_e5_cbam/ch_at/mlp_1/kernel:0 (64, 512) = 32768
2023-11-02 20:30:12,741:tensorflow_utils:[166] generator_first/gen1_e5_cbam/ch_at/mlp_1/bias:0 (512,) = 512
2023-11-02 20:30:12,741:tensorflow_utils:[167] generator_first/gen1_e5_cbam/sp_at/conv/kernel:0 (7, 7, 2, 1) = 98
2023-11-02 20:30:12,741:tensorflow_utils:[168] generator_first/gen1_e6_conv2d/w:0 (3, 3, 512, 512) = 2359296
2023-11-02 20:30:12,741:tensorflow_utils:[169] generator_first/gen1_e6_conv2d/biases:0 (512,) = 512
2023-11-02 20:30:12,741:tensorflow_utils:[170] generator_first/gen1_e6_batchnorm/beta:0 (512,) = 512
2023-11-02 20:30:12,741:tensorflow_utils:[171] generator_first/gen1_e6_batchnorm/gamma:0 (512,) = 512
2023-11-02 20:30:12,742:tensorflow_utils:[172] generator_first/gen1_e6_cbam/ch_at/mlp_0/kernel:0 (512, 64) = 32768
2023-11-02 20:30:12,742:tensorflow_utils:[173] generator_first/gen1_e6_cbam/ch_at/mlp_0/bias:0 (64,) = 64
2023-11-02 20:30:12,742:tensorflow_utils:[174] generator_first/gen1_e6_cbam/ch_at/mlp_1/kernel:0 (64, 512) = 32768
2023-11-02 20:30:12,742:tensorflow_utils:[175] generator_first/gen1_e6_cbam/ch_at/mlp_1/bias:0 (512,) = 512
2023-11-02 20:30:12,742:tensorflow_utils:[176] generator_first/gen1_e6_cbam/sp_at/conv/kernel:0 (7, 7, 2, 1) = 98
2023-11-02 20:30:12,742:tensorflow_utils:[177] generator_first/gen1_d1_deconv2d/w:0 (3, 3, 512, 512) = 2359296
2023-11-02 20:30:12,742:tensorflow_utils:[178] generator_first/gen1_d1_deconv2d/biases:0 (512,) = 512
2023-11-02 20:30:12,742:tensorflow_utils:[179] generator_first/gen1_d1_batchnorm/beta:0 (512,) = 512
2023-11-02 20:30:12,742:tensorflow_utils:[180] generator_first/gen1_d1_batchnorm/gamma:0 (512,) = 512
2023-11-02 20:30:12,743:tensorflow_utils:[181] generator_first/gen1_d1_cbam/ch_at/mlp_0/kernel:0 (1024, 128) = 131072
2023-11-02 20:30:12,743:tensorflow_utils:[182] generator_first/gen1_d1_cbam/ch_at/mlp_0/bias:0 (128,) = 128
2023-11-02 20:30:12,743:tensorflow_utils:[183] generator_first/gen1_d1_cbam/ch_at/mlp_1/kernel:0 (128, 1024) = 131072
2023-11-02 20:30:12,743:tensorflow_utils:[184] generator_first/gen1_d1_cbam/ch_at/mlp_1/bias:0 (1024,) = 1024
2023-11-02 20:30:12,743:tensorflow_utils:[185] generator_first/gen1_d1_cbam/sp_at/conv/kernel:0 (7, 7, 2, 1) = 98
2023-11-02 20:30:12,743:tensorflow_utils:[186] generator_first/gen1_d2_deconv2d/w:0 (3, 3, 1024, 512) = 4718592
2023-11-02 20:30:12,743:tensorflow_utils:[187] generator_first/gen1_d2_deconv2d/biases:0 (512,) = 512
2023-11-02 20:30:12,743:tensorflow_utils:[188] generator_first/gen1_d2_batchnorm/beta:0 (512,) = 512
2023-11-02 20:30:12,744:tensorflow_utils:[189] generator_first/gen1_d2_batchnorm/gamma:0 (512,) = 512
2023-11-02 20:30:12,744:tensorflow_utils:[190] generator_first/gen1_d2_cbam/ch_at/mlp_0/kernel:0 (1024, 128) = 131072
2023-11-02 20:30:12,744:tensorflow_utils:[191] generator_first/gen1_d2_cbam/ch_at/mlp_0/bias:0 (128,) = 128
2023-11-02 20:30:12,744:tensorflow_utils:[192] generator_first/gen1_d2_cbam/ch_at/mlp_1/kernel:0 (128, 1024) = 131072
2023-11-02 20:30:12,744:tensorflow_utils:[193] generator_first/gen1_d2_cbam/ch_at/mlp_1/bias:0 (1024,) = 1024
2023-11-02 20:30:12,744:tensorflow_utils:[194] generator_first/gen1_d2_cbam/sp_at/conv/kernel:0 (7, 7, 2, 1) = 98
2023-11-02 20:30:12,756:tensorflow_utils:[195] generator_first/gen1_d3_conv2d_11/w:0 (3, 3, 1024, 3) = 27648
2023-11-02 20:30:12,756:tensorflow_utils:[196] generator_first/gen1_d3_conv2d_11/biases:0 (3,) = 3
2023-11-02 20:30:12,756:tensorflow_utils:[197] generator_first/gen1_d3_deconv2d/w:0 (3, 3, 1024, 512) = 4718592
2023-11-02 20:30:12,756:tensorflow_utils:[198] generator_first/gen1_d3_deconv2d/biases:0 (512,) = 512
2023-11-02 20:30:12,756:tensorflow_utils:[199] generator_first/gen1_d3_batchnorm/beta:0 (512,) = 512
2023-11-02 20:30:12,756:tensorflow_utils:[200] generator_first/gen1_d3_batchnorm/gamma:0 (512,) = 512
2023-11-02 20:30:12,756:tensorflow_utils:[201] generator_first/gen1_d3_cbam/ch_at/mlp_0/kernel:0 (1024, 128) = 131072
2023-11-02 20:30:12,756:tensorflow_utils:[202] generator_first/gen1_d3_cbam/ch_at/mlp_0/bias:0 (128,) = 128
2023-11-02 20:30:12,757:tensorflow_utils:[203] generator_first/gen1_d3_cbam/ch_at/mlp_1/kernel:0 (128, 1024) = 131072
2023-11-02 20:30:12,757:tensorflow_utils:[204] generator_first/gen1_d3_cbam/ch_at/mlp_1/bias:0 (1024,) = 1024
2023-11-02 20:30:12,757:tensorflow_utils:[205] generator_first/gen1_d3_cbam/sp_at/conv/kernel:0 (7, 7, 2, 1) = 98
2023-11-02 20:30:12,757:tensorflow_utils:[206] generator_first/gen1_d4_deconv2d/w:0 (3, 3, 1024, 256) = 2359296
2023-11-02 20:30:12,757:tensorflow_utils:[207] generator_first/gen1_d4_deconv2d/biases:0 (256,) = 256
2023-11-02 20:30:12,757:tensorflow_utils:[208] generator_first/gen1_d4_batchnorm/beta:0 (256,) = 256
2023-11-02 20:30:12,757:tensorflow_utils:[209] generator_first/gen1_d4_batchnorm/gamma:0 (256,) = 256
2023-11-02 20:30:12,757:tensorflow_utils:[210] generator_first/gen1_d4_cbam/ch_at/mlp_0/kernel:0 (512, 64) = 32768
2023-11-02 20:30:12,757:tensorflow_utils:[211] generator_first/gen1_d4_cbam/ch_at/mlp_0/bias:0 (64,) = 64
2023-11-02 20:30:12,757:tensorflow_utils:[212] generator_first/gen1_d4_cbam/ch_at/mlp_1/kernel:0 (64, 512) = 32768
2023-11-02 20:30:12,757:tensorflow_utils:[213] generator_first/gen1_d4_cbam/ch_at/mlp_1/bias:0 (512,) = 512
2023-11-02 20:30:12,757:tensorflow_utils:[214] generator_first/gen1_d4_cbam/sp_at/conv/kernel:0 (7, 7, 2, 1) = 98
2023-11-02 20:30:12,758:tensorflow_utils:[215] generator_first/gen1_d4_conv2d_11/w:0 (3, 3, 512, 3) = 13824
2023-11-02 20:30:12,758:tensorflow_utils:[216] generator_first/gen1_d4_conv2d_11/biases:0 (3,) = 3
2023-11-02 20:30:12,758:tensorflow_utils:[217] generator_first/gen1_d5_deconv2d/w:0 (3, 3, 512, 128) = 589824
2023-11-02 20:30:12,758:tensorflow_utils:[218] generator_first/gen1_d5_deconv2d/biases:0 (128,) = 128
2023-11-02 20:30:12,758:tensorflow_utils:[219] generator_first/gen1_d5_batchnorm/beta:0 (128,) = 128
2023-11-02 20:30:12,758:tensorflow_utils:[220] generator_first/gen1_d5_batchnorm/gamma:0 (128,) = 128
2023-11-02 20:30:12,758:tensorflow_utils:[221] generator_first/gen1_d5_cbam/ch_at/mlp_0/kernel:0 (256, 32) = 8192
2023-11-02 20:30:12,758:tensorflow_utils:[222] generator_first/gen1_d5_cbam/ch_at/mlp_0/bias:0 (32,) = 32
2023-11-02 20:30:12,758:tensorflow_utils:[223] generator_first/gen1_d5_cbam/ch_at/mlp_1/kernel:0 (32, 256) = 8192
2023-11-02 20:30:12,758:tensorflow_utils:[224] generator_first/gen1_d5_cbam/ch_at/mlp_1/bias:0 (256,) = 256
2023-11-02 20:30:12,758:tensorflow_utils:[225] generator_first/gen1_d5_cbam/sp_at/conv/kernel:0 (7, 7, 2, 1) = 98
2023-11-02 20:30:12,758:tensorflow_utils:[226] generator_first/gen1_d6_deconv2d/w:0 (3, 3, 256, 64) = 147456
2023-11-02 20:30:12,759:tensorflow_utils:[227] generator_first/gen1_d6_deconv2d/biases:0 (64,) = 64
2023-11-02 20:30:12,759:tensorflow_utils:[228] generator_first/gen1_d6_batchnorm/beta:0 (64,) = 64
2023-11-02 20:30:12,759:tensorflow_utils:[229] generator_first/gen1_d6_batchnorm/gamma:0 (64,) = 64
2023-11-02 20:30:12,759:tensorflow_utils:[230] generator_first/gen1_d7_deconv2d/w:0 (3, 3, 128, 3) = 3456
2023-11-02 20:30:12,759:tensorflow_utils:[231] generator_first/gen1_d7_deconv2d/biases:0 (3,) = 3
2023-11-02 20:30:12,759:tensorflow_utils:[232] gen_merge/gen1_d8_conv/w:0 (3, 3, 3, 3) = 81
2023-11-02 20:30:12,759:tensorflow_utils:[233] gen_merge/gen1_d8_conv/biases:0 (3,) = 3
2023-11-02 20:30:12,772:tensorflow_utils:[Total] variable size: 49,480,838
